Log file open, 07/07/20 02:33:52
LogWindows: Failed to load 'aqProf.dll' (GetLastError=126)
LogWindows: File 'aqProf.dll' does not exist
LogWindows: Failed to load 'VtuneApi.dll' (GetLastError=126)
LogWindows: File 'VtuneApi.dll' does not exist
LogWindows: Failed to load 'VtuneApi32e.dll' (GetLastError=126)
LogWindows: File 'VtuneApi32e.dll' does not exist
LogConsoleResponse: Display: Failed to find resolution value strings in scalability ini. Falling back to default.
LogInit: Display: Running engine for game: TTFv2
LogPlatformFile: Not using cached read wrapper
LogTaskGraph: Started task graph with 5 named threads and 23 total threads with 3 sets of task threads.
LogStats: Stats thread started at 0.507847
LogD3D11RHI: Loaded GFSDK_Aftermath_Lib.x64.dll
LogICUInternationalization: ICU TimeZone Detection - Raw Offset: +3:00, Platform Override: ''
LogPluginManager: Mounting plugin Paper2D
LogPluginManager: Mounting plugin AISupport
LogPluginManager: Mounting plugin LightPropagationVolume
LogPluginManager: Mounting plugin ActorLayerUtilities
LogPluginManager: Mounting plugin AnimationSharing
LogPluginManager: Mounting plugin CLionSourceCodeAccess
LogPluginManager: Mounting plugin CodeLiteSourceCodeAccess
LogPluginManager: Mounting plugin GitSourceControl
LogPluginManager: Mounting plugin KDevelopSourceCodeAccess
LogPluginManager: Mounting plugin NullSourceCodeAccess
LogPluginManager: Mounting plugin PerforceSourceControl
LogPluginManager: Mounting plugin PlasticSourceControl
LogPluginManager: Mounting plugin SubversionSourceControl
LogPluginManager: Mounting plugin UObjectPlugin
LogPluginManager: Mounting plugin VisualStudioCodeSourceCodeAccess
LogPluginManager: Mounting plugin VisualStudioSourceCodeAccess
LogPluginManager: Mounting plugin XCodeSourceCodeAccess
LogPluginManager: Mounting plugin AssetManagerEditor
LogPluginManager: Mounting plugin CryptoKeys
LogPluginManager: Mounting plugin CurveEditorTools
LogPluginManager: Mounting plugin DataValidation
LogPluginManager: Mounting plugin FacialAnimation
LogPluginManager: Mounting plugin GameplayTagsEditor
LogPluginManager: Mounting plugin MacGraphicsSwitching
LogPluginManager: Mounting plugin MaterialAnalyzer
LogPluginManager: Mounting plugin MobileLauncherProfileWizard
LogPluginManager: Mounting plugin PluginBrowser
LogPluginManager: Mounting plugin SpeedTreeImporter
LogPluginManager: Mounting plugin DatasmithContent
LogPluginManager: Mounting plugin VariantManagerContent
LogPluginManager: Mounting plugin AlembicImporter
LogPluginManager: Mounting plugin AutomationUtils
LogPluginManager: Mounting plugin BackChannel
LogPluginManager: Mounting plugin CharacterAI
LogPluginManager: Mounting plugin GeometryCache
LogPluginManager: Mounting plugin PlatformCrypto
LogPluginManager: Mounting plugin ProxyLODPlugin
LogPluginManager: Mounting plugin SkeletalReduction
LogPluginManager: Mounting plugin MagicLeap
LogPluginManager: Mounting plugin MagicLeapMedia
LogPluginManager: Mounting plugin MLSDK
LogPluginManager: Mounting plugin AndroidMedia
LogPluginManager: Mounting plugin AvfMedia
LogPluginManager: Mounting plugin ImgMedia
LogPluginManager: Mounting plugin MediaCompositing
LogPluginManager: Mounting plugin MediaPlayerEditor
LogPluginManager: Mounting plugin WebMMedia
LogPluginManager: Mounting plugin WmfMedia
LogPluginManager: Mounting plugin TcpMessaging
LogPluginManager: Mounting plugin UdpMessaging
LogPluginManager: Mounting plugin ActorSequence
LogPluginManager: Mounting plugin LevelSequenceEditor
LogPluginManager: Mounting plugin MatineeToLevelSequence
LogPluginManager: Mounting plugin NetcodeUnitTest
LogPluginManager: Mounting plugin NUTUnrealEngine4
LogPluginManager: Mounting plugin OnlineSubsystemGooglePlay
LogPluginManager: Mounting plugin OnlineSubsystemIOS
LogPluginManager: Mounting plugin OnlineSubsystem
LogPluginManager: Mounting plugin OnlineSubsystemNull
LogPluginManager: Mounting plugin OnlineSubsystemUtils
LogPluginManager: Mounting plugin LauncherChunkInstaller
LogPluginManager: Mounting plugin AndroidDeviceProfileSelector
LogPluginManager: Mounting plugin AndroidMoviePlayer
LogPluginManager: Mounting plugin AndroidPermission
LogPluginManager: Mounting plugin AppleImageUtils
LogPluginManager: Mounting plugin AppleMoviePlayer
LogPluginManager: Mounting plugin ArchVisCharacter
LogPluginManager: Mounting plugin AssetTags
LogPluginManager: Mounting plugin AudioCapture
LogPluginManager: Mounting plugin CableComponent
LogPluginManager: Mounting plugin CustomMeshComponent
LogPluginManager: Mounting plugin EditableMesh
LogPluginManager: Mounting plugin ExampleDeviceProfileSelector
LogPluginManager: Mounting plugin GoogleCloudMessaging
LogPluginManager: Mounting plugin IOSDeviceProfileSelector
LogPluginManager: Mounting plugin LinuxDeviceProfileSelector
LogPluginManager: Mounting plugin LocationServicesBPLibrary
LogPluginManager: Mounting plugin MobilePatchingUtils
LogPluginManager: Mounting plugin OculusVR
LogPluginManager: Mounting plugin PhysXVehicles
LogPluginManager: Mounting plugin PostSplashScreen
LogPluginManager: Mounting plugin ProceduralMeshComponent
LogPluginManager: Mounting plugin RuntimePhysXCooking
LogPluginManager: Mounting plugin SignificanceManager
LogPluginManager: Mounting plugin SteamVR
LogPluginManager: Mounting plugin WebMMoviePlayer
LogPluginManager: Mounting plugin WindowsMoviePlayer
LogPluginManager: Mounting plugin ScreenshotTools
LogInit: Using libcurl 7.55.1-DEV
LogInit:  - built for x86_64-pc-win32
LogInit:  - supports SSL with OpenSSL/1.1.1
LogInit:  - supports HTTP deflate (compression) using libz 1.2.8
LogInit:  - other features:
LogInit:      CURL_VERSION_SSL
LogInit:      CURL_VERSION_LIBZ
LogInit:      CURL_VERSION_IPV6
LogInit:      CURL_VERSION_ASYNCHDNS
LogInit:      CURL_VERSION_LARGEFILE
LogInit:      CURL_VERSION_IDN
LogInit:  CurlRequestOptions (configurable via config and command line):
LogInit:  - bVerifyPeer = true  - Libcurl will verify peer certificate
LogInit:  - bUseHttpProxy = false  - Libcurl will NOT use HTTP proxy
LogInit:  - bDontReuseConnections = false  - Libcurl will reuse connections
LogInit:  - MaxHostConnections = 16  - Libcurl will limit the number of connections to a host
LogInit:  - LocalHostAddr = Default
LogInit:  - BufferSize = 65536
LogOnline: OSS: Creating online subsystem instance for: NULL
LogInit: WinSock: version 1.1 (2.2), MaxSocks=32767, MaxUdp=65467
LogOnline: OSS: TryLoadSubsystemAndSetDefault: Loaded subsystem for module [NULL]
LogInit: Build: ++UE4+Release-4.24-CL-11590370
LogInit: Engine Version: 4.24.3-11590370+++UE4+Release-4.24
LogInit: Compatible Engine Version: 4.24.0-10570792+++UE4+Release-4.24
LogInit: Net CL: 10570792
LogInit: OS: Windows 10 (Release 1903) (), CPU: Intel(R) Core(TM) i7-6700 CPU @ 3.40GHz, GPU: NVIDIA GeForce GTX 970
LogInit: Compiled (64-bit): Feb 24 2020 15:39:18
LogInit: Compiled with Visual C++: 19.16.27032.01
LogInit: Build Configuration: Development
LogInit: Branch Name: ++UE4+Release-4.24
LogInit: Command Line:  -EpicPortal -epicusername=evgenii_prosolup -epicuserid=5f22a9aaa9b249eeb7b9369f05593387 -epiclocale=en
LogInit: Base Directory: D:/Program Files/Epic Games/UE_4.24/Engine/Binaries/Win64/
LogInit: Installed Engine Build: 1
LogDevObjectVersion: Number of dev versions registered: 25
LogDevObjectVersion:   Dev-Blueprints (B0D832E4-1F89-4F0D-ACCF-7EB736FD4AA2): 10
LogDevObjectVersion:   Dev-Build (E1C64328-A22C-4D53-A36C-8E866417BD8C): 0
LogDevObjectVersion:   Dev-Core (375EC13C-06E4-48FB-B500-84F0262A717E): 3
LogDevObjectVersion:   Dev-Editor (E4B068ED-F494-42E9-A231-DA0B2E46BB41): 37
LogDevObjectVersion:   Dev-Framework (CFFC743F-43B0-4480-9391-14DF171D2073): 36
LogDevObjectVersion:   Dev-Mobile (B02B49B5-BB20-44E9-A304-32B752E40360): 2
LogDevObjectVersion:   Dev-Networking (A4E4105C-59A1-49B5-A7C5-40C4547EDFEE): 0
LogDevObjectVersion:   Dev-Online (39C831C9-5AE6-47DC-9A44-9C173E1C8E7C): 0
LogDevObjectVersion:   Dev-Physics (78F01B33-EBEA-4F98-B9B4-84EACCB95AA2): 2
LogDevObjectVersion:   Dev-Platform (6631380F-2D4D-43E0-8009-CF276956A95A): 0
LogDevObjectVersion:   Dev-Rendering (12F88B9F-8875-4AFC-A67C-D90C383ABD29): 36
LogDevObjectVersion:   Dev-Sequencer (7B5AE74C-D270-4C10-A958-57980B212A5A): 11
LogDevObjectVersion:   Dev-VR (D7296918-1DD6-4BDD-9DE2-64A83CC13884): 2
LogDevObjectVersion:   Dev-LoadTimes (C2A15278-BFE7-4AFE-6C17-90FF531DF755): 1
LogDevObjectVersion:   Private-Geometry (6EACA3D4-40EC-4CC1-B786-8BED09428FC5): 3
LogDevObjectVersion:   Dev-AnimPhys (29E575DD-E0A3-4627-9D10-D276232CDCEA): 17
LogDevObjectVersion:   Dev-Anim (AF43A65D-7FD3-4947-9873-3E8ED9C1BB05): 2
LogDevObjectVersion:   Dev-ReflectionCapture (6B266CEC-1EC7-4B8F-A30B-E4D90942FC07): 1
LogDevObjectVersion:   Dev-Automation (0DF73D61-A23F-47EA-B727-89E90C41499A): 1
LogDevObjectVersion:   FortniteMain (601D1886-AC64-4F84-AA16-D3DE0DEAC7D6): 31
LogDevObjectVersion:   Dev-Enterprise (9DFFBCD6-494F-0158-E221-12823C92A888): 8
LogDevObjectVersion:   Dev-Niagara (F2AED0AC-9AFE-416F-8664-AA7FFA26D6FC): 1
LogDevObjectVersion:   Dev-Destruction (174F1F0B-B4C6-45A5-B13F-2EE8D0FB917D): 9
LogDevObjectVersion:   Dev-Physics-Ext (35F94A83-E258-406C-A318-09F59610247C): 8
LogDevObjectVersion:   Dev-CineCamera (B2E18506-4273-CFC2-A54E-F4BB758BBA07): 1
LogInit: Presizing for max 25165824 objects, including 0 objects not considered by GC, pre-allocating 0 bytes for permanent pool.
LogInit: Object subsystem initialized
LogConfig: Setting CVar [[con.DebugEarlyDefault:1]]
LogConfig: Setting CVar [[r.setres:1280x720]]
[2020.07.06-23.33.52:473][  0]LogConfig: Setting CVar [[r.VSync:0]]
[2020.07.06-23.33.52:473][  0]LogConfig: Setting CVar [[r.RHICmdBypass:0]]
[2020.07.06-23.33.52:473][  0]LogConfig: Applying CVar settings from Section [/Script/Engine.RendererSettings] File [D:/_Evgenii/_Git_/ToTheFlame/TTFv2/Saved/Config/Windows/Engine.ini]
[2020.07.06-23.33.52:473][  0]LogConfig: Setting CVar [[r.GPUCrashDebugging:0]]
[2020.07.06-23.33.52:473][  0]LogConfig: Applying CVar settings from Section [/Script/Engine.RendererOverrideSettings] File [D:/_Evgenii/_Git_/ToTheFlame/TTFv2/Saved/Config/Windows/Engine.ini]
[2020.07.06-23.33.52:473][  0]LogConfig: Applying CVar settings from Section [/Script/Engine.StreamingSettings] File [D:/_Evgenii/_Git_/ToTheFlame/TTFv2/Saved/Config/Windows/Engine.ini]
[2020.07.06-23.33.52:473][  0]LogConfig: Setting CVar [[s.MinBulkDataSizeForAsyncLoading:131072]]
[2020.07.06-23.33.52:473][  0]LogConfig: Setting CVar [[s.AsyncLoadingThreadEnabled:0]]
[2020.07.06-23.33.52:473][  0]LogConfig: Setting CVar [[s.EventDrivenLoaderEnabled:1]]
[2020.07.06-23.33.52:473][  0]LogConfig: Setting CVar [[s.WarnIfTimeLimitExceeded:0]]
[2020.07.06-23.33.52:473][  0]LogConfig: Setting CVar [[s.TimeLimitExceededMultiplier:1.5]]
[2020.07.06-23.33.52:473][  0]LogConfig: Setting CVar [[s.TimeLimitExceededMinTime:0.005]]
[2020.07.06-23.33.52:473][  0]LogConfig: Setting CVar [[s.UseBackgroundLevelStreaming:1]]
[2020.07.06-23.33.52:473][  0]LogConfig: Setting CVar [[s.PriorityAsyncLoadingExtraTime:15.0]]
[2020.07.06-23.33.52:473][  0]LogConfig: Setting CVar [[s.LevelStreamingActorsUpdateTimeLimit:5.0]]
[2020.07.06-23.33.52:473][  0]LogConfig: Setting CVar [[s.PriorityLevelStreamingActorsUpdateExtraTime:5.0]]
[2020.07.06-23.33.52:473][  0]LogConfig: Setting CVar [[s.LevelStreamingComponentsRegistrationGranularity:10]]
[2020.07.06-23.33.52:473][  0]LogConfig: Setting CVar [[s.UnregisterComponentsTimeLimit:1.0]]
[2020.07.06-23.33.52:473][  0]LogConfig: Setting CVar [[s.LevelStreamingComponentsUnregistrationGranularity:5]]
[2020.07.06-23.33.52:473][  0]LogConfig: Setting CVar [[s.FlushStreamingOnExit:1]]
[2020.07.06-23.33.52:473][  0]LogConfig: Applying CVar settings from Section [/Script/Engine.GarbageCollectionSettings] File [D:/_Evgenii/_Git_/ToTheFlame/TTFv2/Saved/Config/Windows/Engine.ini]
[2020.07.06-23.33.52:473][  0]LogConfig: Setting CVar [[gc.MaxObjectsNotConsideredByGC:1]]
[2020.07.06-23.33.52:473][  0]LogConfig: Setting CVar [[gc.SizeOfPermanentObjectPool:0]]
[2020.07.06-23.33.52:473][  0]LogConfig: Setting CVar [[gc.FlushStreamingOnGC:0]]
[2020.07.06-23.33.52:473][  0]LogConfig: Setting CVar [[gc.NumRetriesBeforeForcingGC:10]]
[2020.07.06-23.33.52:473][  0]LogConfig: Setting CVar [[gc.AllowParallelGC:1]]
[2020.07.06-23.33.52:473][  0]LogConfig: Setting CVar [[gc.TimeBetweenPurgingPendingKillObjects:61.1]]
[2020.07.06-23.33.52:473][  0]LogConfig: Setting CVar [[gc.MaxObjectsInEditor:25165824]]
[2020.07.06-23.33.52:473][  0]LogConfig: Setting CVar [[gc.IncrementalBeginDestroyEnabled:1]]
[2020.07.06-23.33.52:473][  0]LogConfig: Setting CVar [[gc.CreateGCClusters:1]]
[2020.07.06-23.33.52:473][  0]LogConfig: Setting CVar [[gc.MinGCClusterSize:5]]
[2020.07.06-23.33.52:473][  0]LogConfig: Setting CVar [[gc.ActorClusteringEnabled:0]]
[2020.07.06-23.33.52:473][  0]LogConfig: Setting CVar [[gc.BlueprintClusteringEnabled:0]]
[2020.07.06-23.33.52:473][  0]LogConfig: Setting CVar [[gc.UseDisregardForGCOnDedicatedServers:0]]
[2020.07.06-23.33.52:473][  0]LogConfig: Applying CVar settings from Section [/Script/Engine.NetworkSettings] File [D:/_Evgenii/_Git_/ToTheFlame/TTFv2/Saved/Config/Windows/Engine.ini]
[2020.07.06-23.33.52:473][  0]LogConfig: Applying CVar settings from Section [/Script/UnrealEd.CookerSettings] File [D:/_Evgenii/_Git_/ToTheFlame/TTFv2/Saved/Config/Windows/Engine.ini]
[2020.07.06-23.33.52:479][  0]LogConfig: Applying CVar settings from Section [ViewDistanceQuality@3] File [D:/_Evgenii/_Git_/ToTheFlame/TTFv2/Saved/Config/Windows/Scalability.ini]
[2020.07.06-23.33.52:479][  0]LogConfig: Setting CVar [[r.SkeletalMeshLODBias:0]]
[2020.07.06-23.33.52:479][  0]LogConfig: Setting CVar [[r.ViewDistanceScale:1.0]]
[2020.07.06-23.33.52:479][  0]LogConfig: Applying CVar settings from Section [AntiAliasingQuality@3] File [D:/_Evgenii/_Git_/ToTheFlame/TTFv2/Saved/Config/Windows/Scalability.ini]
[2020.07.06-23.33.52:479][  0]LogConfig: Setting CVar [[r.PostProcessAAQuality:4]]
[2020.07.06-23.33.52:479][  0]LogConfig: Applying CVar settings from Section [ShadowQuality@3] File [D:/_Evgenii/_Git_/ToTheFlame/TTFv2/Saved/Config/Windows/Scalability.ini]
[2020.07.06-23.33.52:479][  0]LogConfig: Setting CVar [[r.LightFunctionQuality:1]]
[2020.07.06-23.33.52:479][  0]LogConfig: Setting CVar [[r.ShadowQuality:5]]
[2020.07.06-23.33.52:479][  0]LogConfig: Setting CVar [[r.Shadow.CSM.MaxCascades:10]]
[2020.07.06-23.33.52:479][  0]LogConfig: Setting CVar [[r.Shadow.MaxResolution:2048]]
[2020.07.06-23.33.52:479][  0]LogConfig: Setting CVar [[r.Shadow.MaxCSMResolution:2048]]
[2020.07.06-23.33.52:479][  0]LogConfig: Setting CVar [[r.Shadow.RadiusThreshold:0.01]]
[2020.07.06-23.33.52:479][  0]LogConfig: Setting CVar [[r.Shadow.DistanceScale:1.0]]
[2020.07.06-23.33.52:479][  0]LogConfig: Setting CVar [[r.Shadow.CSM.TransitionScale:1.0]]
[2020.07.06-23.33.52:479][  0]LogConfig: Setting CVar [[r.Shadow.PreShadowResolutionFactor:1.0]]
[2020.07.06-23.33.52:479][  0]LogConfig: Setting CVar [[r.DistanceFieldShadowing:1]]
[2020.07.06-23.33.52:479][  0]LogConfig: Setting CVar [[r.DistanceFieldAO:1]]
[2020.07.06-23.33.52:479][  0]LogConfig: Setting CVar [[r.AOQuality:2]]
[2020.07.06-23.33.52:479][  0]LogConfig: Setting CVar [[r.VolumetricFog:1]]
[2020.07.06-23.33.52:479][  0]LogConfig: Setting CVar [[r.VolumetricFog.GridPixelSize:8]]
[2020.07.06-23.33.52:479][  0]LogConfig: Setting CVar [[r.VolumetricFog.GridSizeZ:128]]
[2020.07.06-23.33.52:479][  0]LogConfig: Setting CVar [[r.VolumetricFog.HistoryMissSupersampleCount:4]]
[2020.07.06-23.33.52:479][  0]LogConfig: Setting CVar [[r.LightMaxDrawDistanceScale:1]]
[2020.07.06-23.33.52:479][  0]LogConfig: Setting CVar [[r.CapsuleShadows:1]]
[2020.07.06-23.33.52:479][  0]LogConfig: Applying CVar settings from Section [PostProcessQuality@3] File [D:/_Evgenii/_Git_/ToTheFlame/TTFv2/Saved/Config/Windows/Scalability.ini]
[2020.07.06-23.33.52:479][  0]LogConfig: Setting CVar [[r.MotionBlurQuality:4]]
[2020.07.06-23.33.52:479][  0]LogConfig: Setting CVar [[r.AmbientOcclusionMipLevelFactor:0.4]]
[2020.07.06-23.33.52:479][  0]LogConfig: Setting CVar [[r.AmbientOcclusionMaxQuality:100]]
[2020.07.06-23.33.52:479][  0]LogConfig: Setting CVar [[r.AmbientOcclusionLevels:-1]]
[2020.07.06-23.33.52:479][  0]LogConfig: Setting CVar [[r.AmbientOcclusionRadiusScale:1.0]]
[2020.07.06-23.33.52:479][  0]LogConfig: Setting CVar [[r.DepthOfFieldQuality:2]]
[2020.07.06-23.33.52:479][  0]LogConfig: Setting CVar [[r.RenderTargetPoolMin:400]]
[2020.07.06-23.33.52:479][  0]LogConfig: Setting CVar [[r.LensFlareQuality:2]]
[2020.07.06-23.33.52:479][  0]LogConfig: Setting CVar [[r.SceneColorFringeQuality:1]]
[2020.07.06-23.33.52:479][  0]LogConfig: Setting CVar [[r.EyeAdaptationQuality:2]]
[2020.07.06-23.33.52:479][  0]LogConfig: Setting CVar [[r.BloomQuality:5]]
[2020.07.06-23.33.52:479][  0]LogConfig: Setting CVar [[r.FastBlurThreshold:100]]
[2020.07.06-23.33.52:479][  0]LogConfig: Setting CVar [[r.Upscale.Quality:3]]
[2020.07.06-23.33.52:479][  0]LogConfig: Setting CVar [[r.Tonemapper.GrainQuantization:1]]
[2020.07.06-23.33.52:479][  0]LogConfig: Setting CVar [[r.LightShaftQuality:1]]
[2020.07.06-23.33.52:479][  0]LogConfig: Setting CVar [[r.Filter.SizeScale:1]]
[2020.07.06-23.33.52:479][  0]LogConfig: Setting CVar [[r.Tonemapper.Quality:5]]
[2020.07.06-23.33.52:479][  0]LogConfig: Setting CVar [[r.DOF.Gather.AccumulatorQuality:1        ; higher gathering accumulator quality]]
[2020.07.06-23.33.52:479][  0]LogConfig: Setting CVar [[r.DOF.Gather.PostfilterMethod:1          ; Median3x3 postfilering method]]
[2020.07.06-23.33.52:479][  0]LogConfig: Setting CVar [[r.DOF.Gather.EnableBokehSettings:0       ; no bokeh simulation when gathering]]
[2020.07.06-23.33.52:479][  0]LogConfig: Setting CVar [[r.DOF.Gather.RingCount:4                 ; medium number of samples when gathering]]
[2020.07.06-23.33.52:479][  0]LogConfig: Setting CVar [[r.DOF.Scatter.ForegroundCompositing:1    ; additive foreground scattering]]
[2020.07.06-23.33.52:479][  0]LogConfig: Setting CVar [[r.DOF.Scatter.BackgroundCompositing:2    ; additive background scattering]]
[2020.07.06-23.33.52:479][  0]LogConfig: Setting CVar [[r.DOF.Scatter.EnableBokehSettings:1      ; bokeh simulation when scattering]]
[2020.07.06-23.33.52:479][  0]LogConfig: Setting CVar [[r.DOF.Scatter.MaxSpriteRatio:0.1         ; only a maximum of 10% of scattered bokeh]]
[2020.07.06-23.33.52:479][  0]LogConfig: Setting CVar [[r.DOF.Recombine.Quality:1                ; cheap slight out of focus]]
[2020.07.06-23.33.52:480][  0]LogConfig: Setting CVar [[r.DOF.Recombine.EnableBokehSettings:0    ; no bokeh simulation on slight out of focus]]
[2020.07.06-23.33.52:480][  0]LogConfig: Setting CVar [[r.DOF.TemporalAAQuality:1                ; more stable temporal accumulation]]
[2020.07.06-23.33.52:480][  0]LogConfig: Setting CVar [[r.DOF.Kernel.MaxForegroundRadius:0.025]]
[2020.07.06-23.33.52:480][  0]LogConfig: Setting CVar [[r.DOF.Kernel.MaxBackgroundRadius:0.025]]
[2020.07.06-23.33.52:480][  0]LogConfig: Applying CVar settings from Section [TextureQuality@3] File [D:/_Evgenii/_Git_/ToTheFlame/TTFv2/Saved/Config/Windows/Scalability.ini]
[2020.07.06-23.33.52:480][  0]LogConfig: Setting CVar [[r.Streaming.MipBias:0]]
[2020.07.06-23.33.52:480][  0]LogConfig: Setting CVar [[r.Streaming.AmortizeCPUToGPUCopy:0]]
[2020.07.06-23.33.52:480][  0]LogConfig: Setting CVar [[r.Streaming.MaxNumTexturesToStreamPerFrame:0]]
[2020.07.06-23.33.52:480][  0]LogConfig: Setting CVar [[r.Streaming.Boost:1]]
[2020.07.06-23.33.52:480][  0]LogConfig: Setting CVar [[r.MaxAnisotropy:8]]
[2020.07.06-23.33.52:480][  0]LogConfig: Setting CVar [[r.VT.MaxAnisotropy:8]]
[2020.07.06-23.33.52:480][  0]LogConfig: Setting CVar [[r.Streaming.LimitPoolSizeToVRAM:0]]
[2020.07.06-23.33.52:480][  0]LogConfig: Setting CVar [[r.Streaming.PoolSize:1000]]
[2020.07.06-23.33.52:480][  0]LogConfig: Setting CVar [[r.Streaming.MaxEffectiveScreenSize:0]]
[2020.07.06-23.33.52:480][  0]LogConfig: Applying CVar settings from Section [EffectsQuality@3] File [D:/_Evgenii/_Git_/ToTheFlame/TTFv2/Saved/Config/Windows/Scalability.ini]
[2020.07.06-23.33.52:480][  0]LogConfig: Setting CVar [[r.TranslucencyLightingVolumeDim:64]]
[2020.07.06-23.33.52:480][  0]LogConfig: Setting CVar [[r.RefractionQuality:2]]
[2020.07.06-23.33.52:480][  0]LogConfig: Setting CVar [[r.SSR.Quality:3]]
[2020.07.06-23.33.52:480][  0]LogConfig: Setting CVar [[r.SSR.HalfResSceneColor:0]]
[2020.07.06-23.33.52:480][  0]LogConfig: Setting CVar [[r.SceneColorFormat:4]]
[2020.07.06-23.33.52:480][  0]LogConfig: Setting CVar [[r.DetailMode:2]]
[2020.07.06-23.33.52:480][  0]LogConfig: Setting CVar [[r.TranslucencyVolumeBlur:1]]
[2020.07.06-23.33.52:480][  0]LogConfig: Setting CVar [[r.MaterialQualityLevel:1 ; High quality]]
[2020.07.06-23.33.52:480][  0]LogConfig: Setting CVar [[r.SSS.Scale:1]]
[2020.07.06-23.33.52:480][  0]LogConfig: Setting CVar [[r.SSS.SampleSet:2]]
[2020.07.06-23.33.52:480][  0]LogConfig: Setting CVar [[r.SSS.Quality:1]]
[2020.07.06-23.33.52:480][  0]LogConfig: Setting CVar [[r.SSS.HalfRes:1]]
[2020.07.06-23.33.52:480][  0]LogConfig: Setting CVar [[r.SSGI.Quality:3]]
[2020.07.06-23.33.52:480][  0]LogConfig: Setting CVar [[r.EmitterSpawnRateScale:1.0]]
[2020.07.06-23.33.52:480][  0]LogConfig: Setting CVar [[r.ParticleLightQuality:2]]
[2020.07.06-23.33.52:480][  0]LogConfig: Setting CVar [[r.SkyAtmosphere.AerialPerspectiveLUT.FastApplyOnOpaque:1 ; Always have FastSkyLUT 1 in this case to avoid wrong sky]]
[2020.07.06-23.33.52:480][  0]LogConfig: Setting CVar [[r.SkyAtmosphere.AerialPerspectiveLUT.SampleCountPerSlice:1]]
[2020.07.06-23.33.52:480][  0]LogConfig: Setting CVar [[r.SkyAtmosphere.AerialPerspectiveLUT.DepthResolution:16.0]]
[2020.07.06-23.33.52:480][  0]LogConfig: Setting CVar [[r.SkyAtmosphere.FastSkyLUT:1]]
[2020.07.06-23.33.52:480][  0]LogConfig: Setting CVar [[r.SkyAtmosphere.FastSkyLUT.SampleCountMin:4.0]]
[2020.07.06-23.33.52:480][  0]LogConfig: Setting CVar [[r.SkyAtmosphere.FastSkyLUT.SampleCountMax:32.0]]
[2020.07.06-23.33.52:480][  0]LogConfig: Setting CVar [[r.SkyAtmosphere.SampleCountMin:4.0]]
[2020.07.06-23.33.52:480][  0]LogConfig: Setting CVar [[r.SkyAtmosphere.SampleCountMax:32.0]]
[2020.07.06-23.33.52:480][  0]LogConfig: Setting CVar [[r.SkyAtmosphere.TransmittanceLUT.UseSmallFormat:0]]
[2020.07.06-23.33.52:480][  0]LogConfig: Setting CVar [[r.SkyAtmosphere.TransmittanceLUT.SampleCount:10.0]]
[2020.07.06-23.33.52:480][  0]LogConfig: Setting CVar [[r.SkyAtmosphere.MultiScatteringLUT.SampleCount:15.0]]
[2020.07.06-23.33.52:480][  0]LogConfig: Applying CVar settings from Section [FoliageQuality@3] File [D:/_Evgenii/_Git_/ToTheFlame/TTFv2/Saved/Config/Windows/Scalability.ini]
[2020.07.06-23.33.52:480][  0]LogConfig: Setting CVar [[foliage.DensityScale:1.0]]
[2020.07.06-23.33.52:480][  0]LogConfig: Setting CVar [[grass.DensityScale:1.0]]
[2020.07.06-23.33.52:480][  0]LogConfig: Applying CVar settings from Section [ShadingQuality@3] File [D:/_Evgenii/_Git_/ToTheFlame/TTFv2/Saved/Config/Windows/Scalability.ini]
[2020.07.06-23.33.52:480][  0]LogConfig: Setting CVar [[r.HairStrands.SkyLighting.SampleCount:16]]
[2020.07.06-23.33.52:480][  0]LogConfig: Setting CVar [[r.HairStrands.SkyLighting.JitterIntegration:0]]
[2020.07.06-23.33.52:480][  0]LogConfig: Setting CVar [[r.HairStrands.SkyAO.SampleCount:16]]
[2020.07.06-23.33.52:480][  0]LogInit: Selected Device Profile: [Windows]
[2020.07.06-23.33.52:480][  0]LogInit: Applying CVar settings loaded from the selected device profile: [Windows]
[2020.07.06-23.33.52:483][  0]LogHAL: Display: Platform has ~ 32 GB [34276450304 / 34359738368 / 32], which maps to Largest [LargestMinGB=32, LargerMinGB=12, DefaultMinGB=8, SmallerMinGB=6, SmallestMinGB=0)
[2020.07.06-23.33.52:483][  0]LogInit: Going up to parent DeviceProfile []
[2020.07.06-23.33.52:483][  0]LogConfig: Applying CVar settings from Section [ViewDistanceQuality@3] File [D:/_Evgenii/_Git_/ToTheFlame/TTFv2/Saved/Config/Windows/Scalability.ini]
[2020.07.06-23.33.52:483][  0]LogConfig: Setting CVar [[r.SkeletalMeshLODBias:0]]
[2020.07.06-23.33.52:483][  0]LogConfig: Setting CVar [[r.ViewDistanceScale:1.0]]
[2020.07.06-23.33.52:483][  0]LogConfig: Applying CVar settings from Section [AntiAliasingQuality@3] File [D:/_Evgenii/_Git_/ToTheFlame/TTFv2/Saved/Config/Windows/Scalability.ini]
[2020.07.06-23.33.52:483][  0]LogConfig: Setting CVar [[r.PostProcessAAQuality:4]]
[2020.07.06-23.33.52:483][  0]LogConfig: Applying CVar settings from Section [ShadowQuality@3] File [D:/_Evgenii/_Git_/ToTheFlame/TTFv2/Saved/Config/Windows/Scalability.ini]
[2020.07.06-23.33.52:483][  0]LogConfig: Setting CVar [[r.LightFunctionQuality:1]]
[2020.07.06-23.33.52:483][  0]LogConfig: Setting CVar [[r.ShadowQuality:5]]
[2020.07.06-23.33.52:483][  0]LogConfig: Setting CVar [[r.Shadow.CSM.MaxCascades:10]]
[2020.07.06-23.33.52:483][  0]LogConfig: Setting CVar [[r.Shadow.MaxResolution:2048]]
[2020.07.06-23.33.52:483][  0]LogConfig: Setting CVar [[r.Shadow.MaxCSMResolution:2048]]
[2020.07.06-23.33.52:483][  0]LogConfig: Setting CVar [[r.Shadow.RadiusThreshold:0.01]]
[2020.07.06-23.33.52:483][  0]LogConfig: Setting CVar [[r.Shadow.DistanceScale:1.0]]
[2020.07.06-23.33.52:483][  0]LogConfig: Setting CVar [[r.Shadow.CSM.TransitionScale:1.0]]
[2020.07.06-23.33.52:483][  0]LogConfig: Setting CVar [[r.Shadow.PreShadowResolutionFactor:1.0]]
[2020.07.06-23.33.52:483][  0]LogConfig: Setting CVar [[r.DistanceFieldShadowing:1]]
[2020.07.06-23.33.52:483][  0]LogConfig: Setting CVar [[r.DistanceFieldAO:1]]
[2020.07.06-23.33.52:483][  0]LogConfig: Setting CVar [[r.AOQuality:2]]
[2020.07.06-23.33.52:483][  0]LogConfig: Setting CVar [[r.VolumetricFog:1]]
[2020.07.06-23.33.52:483][  0]LogConfig: Setting CVar [[r.VolumetricFog.GridPixelSize:8]]
[2020.07.06-23.33.52:483][  0]LogConfig: Setting CVar [[r.VolumetricFog.GridSizeZ:128]]
[2020.07.06-23.33.52:483][  0]LogConfig: Setting CVar [[r.VolumetricFog.HistoryMissSupersampleCount:4]]
[2020.07.06-23.33.52:483][  0]LogConfig: Setting CVar [[r.LightMaxDrawDistanceScale:1]]
[2020.07.06-23.33.52:483][  0]LogConfig: Setting CVar [[r.CapsuleShadows:1]]
[2020.07.06-23.33.52:483][  0]LogConfig: Applying CVar settings from Section [PostProcessQuality@3] File [D:/_Evgenii/_Git_/ToTheFlame/TTFv2/Saved/Config/Windows/Scalability.ini]
[2020.07.06-23.33.52:483][  0]LogConfig: Setting CVar [[r.MotionBlurQuality:4]]
[2020.07.06-23.33.52:483][  0]LogConfig: Setting CVar [[r.AmbientOcclusionMipLevelFactor:0.4]]
[2020.07.06-23.33.52:483][  0]LogConfig: Setting CVar [[r.AmbientOcclusionMaxQuality:100]]
[2020.07.06-23.33.52:483][  0]LogConfig: Setting CVar [[r.AmbientOcclusionLevels:-1]]
[2020.07.06-23.33.52:483][  0]LogConfig: Setting CVar [[r.AmbientOcclusionRadiusScale:1.0]]
[2020.07.06-23.33.52:483][  0]LogConfig: Setting CVar [[r.DepthOfFieldQuality:2]]
[2020.07.06-23.33.52:483][  0]LogConfig: Setting CVar [[r.RenderTargetPoolMin:400]]
[2020.07.06-23.33.52:483][  0]LogConfig: Setting CVar [[r.LensFlareQuality:2]]
[2020.07.06-23.33.52:483][  0]LogConfig: Setting CVar [[r.SceneColorFringeQuality:1]]
[2020.07.06-23.33.52:483][  0]LogConfig: Setting CVar [[r.EyeAdaptationQuality:2]]
[2020.07.06-23.33.52:483][  0]LogConfig: Setting CVar [[r.BloomQuality:5]]
[2020.07.06-23.33.52:483][  0]LogConfig: Setting CVar [[r.FastBlurThreshold:100]]
[2020.07.06-23.33.52:483][  0]LogConfig: Setting CVar [[r.Upscale.Quality:3]]
[2020.07.06-23.33.52:483][  0]LogConfig: Setting CVar [[r.Tonemapper.GrainQuantization:1]]
[2020.07.06-23.33.52:483][  0]LogConfig: Setting CVar [[r.LightShaftQuality:1]]
[2020.07.06-23.33.52:483][  0]LogConfig: Setting CVar [[r.Filter.SizeScale:1]]
[2020.07.06-23.33.52:483][  0]LogConfig: Setting CVar [[r.Tonemapper.Quality:5]]
[2020.07.06-23.33.52:483][  0]LogConfig: Setting CVar [[r.DOF.Gather.AccumulatorQuality:1        ; higher gathering accumulator quality]]
[2020.07.06-23.33.52:483][  0]LogConfig: Setting CVar [[r.DOF.Gather.PostfilterMethod:1          ; Median3x3 postfilering method]]
[2020.07.06-23.33.52:483][  0]LogConfig: Setting CVar [[r.DOF.Gather.EnableBokehSettings:0       ; no bokeh simulation when gathering]]
[2020.07.06-23.33.52:483][  0]LogConfig: Setting CVar [[r.DOF.Gather.RingCount:4                 ; medium number of samples when gathering]]
[2020.07.06-23.33.52:484][  0]LogConfig: Setting CVar [[r.DOF.Scatter.ForegroundCompositing:1    ; additive foreground scattering]]
[2020.07.06-23.33.52:484][  0]LogConfig: Setting CVar [[r.DOF.Scatter.BackgroundCompositing:2    ; additive background scattering]]
[2020.07.06-23.33.52:484][  0]LogConfig: Setting CVar [[r.DOF.Scatter.EnableBokehSettings:1      ; bokeh simulation when scattering]]
[2020.07.06-23.33.52:484][  0]LogConfig: Setting CVar [[r.DOF.Scatter.MaxSpriteRatio:0.1         ; only a maximum of 10% of scattered bokeh]]
[2020.07.06-23.33.52:484][  0]LogConfig: Setting CVar [[r.DOF.Recombine.Quality:1                ; cheap slight out of focus]]
[2020.07.06-23.33.52:484][  0]LogConfig: Setting CVar [[r.DOF.Recombine.EnableBokehSettings:0    ; no bokeh simulation on slight out of focus]]
[2020.07.06-23.33.52:484][  0]LogConfig: Setting CVar [[r.DOF.TemporalAAQuality:1                ; more stable temporal accumulation]]
[2020.07.06-23.33.52:484][  0]LogConfig: Setting CVar [[r.DOF.Kernel.MaxForegroundRadius:0.025]]
[2020.07.06-23.33.52:484][  0]LogConfig: Setting CVar [[r.DOF.Kernel.MaxBackgroundRadius:0.025]]
[2020.07.06-23.33.52:484][  0]LogConfig: Applying CVar settings from Section [TextureQuality@3] File [D:/_Evgenii/_Git_/ToTheFlame/TTFv2/Saved/Config/Windows/Scalability.ini]
[2020.07.06-23.33.52:484][  0]LogConfig: Setting CVar [[r.Streaming.MipBias:0]]
[2020.07.06-23.33.52:484][  0]LogConfig: Setting CVar [[r.Streaming.AmortizeCPUToGPUCopy:0]]
[2020.07.06-23.33.52:484][  0]LogConfig: Setting CVar [[r.Streaming.MaxNumTexturesToStreamPerFrame:0]]
[2020.07.06-23.33.52:484][  0]LogConfig: Setting CVar [[r.Streaming.Boost:1]]
[2020.07.06-23.33.52:484][  0]LogConfig: Setting CVar [[r.MaxAnisotropy:8]]
[2020.07.06-23.33.52:484][  0]LogConfig: Setting CVar [[r.VT.MaxAnisotropy:8]]
[2020.07.06-23.33.52:484][  0]LogConfig: Setting CVar [[r.Streaming.LimitPoolSizeToVRAM:0]]
[2020.07.06-23.33.52:484][  0]LogConfig: Setting CVar [[r.Streaming.PoolSize:1000]]
[2020.07.06-23.33.52:484][  0]LogConfig: Setting CVar [[r.Streaming.MaxEffectiveScreenSize:0]]
[2020.07.06-23.33.52:484][  0]LogConfig: Applying CVar settings from Section [EffectsQuality@3] File [D:/_Evgenii/_Git_/ToTheFlame/TTFv2/Saved/Config/Windows/Scalability.ini]
[2020.07.06-23.33.52:484][  0]LogConfig: Setting CVar [[r.TranslucencyLightingVolumeDim:64]]
[2020.07.06-23.33.52:484][  0]LogConfig: Setting CVar [[r.RefractionQuality:2]]
[2020.07.06-23.33.52:484][  0]LogConfig: Setting CVar [[r.SSR.Quality:3]]
[2020.07.06-23.33.52:484][  0]LogConfig: Setting CVar [[r.SSR.HalfResSceneColor:0]]
[2020.07.06-23.33.52:484][  0]LogConfig: Setting CVar [[r.SceneColorFormat:4]]
[2020.07.06-23.33.52:484][  0]LogConfig: Setting CVar [[r.DetailMode:2]]
[2020.07.06-23.33.52:484][  0]LogConfig: Setting CVar [[r.TranslucencyVolumeBlur:1]]
[2020.07.06-23.33.52:484][  0]LogConfig: Setting CVar [[r.MaterialQualityLevel:1 ; High quality]]
[2020.07.06-23.33.52:484][  0]LogConfig: Setting CVar [[r.SSS.Scale:1]]
[2020.07.06-23.33.52:484][  0]LogConfig: Setting CVar [[r.SSS.SampleSet:2]]
[2020.07.06-23.33.52:484][  0]LogConfig: Setting CVar [[r.SSS.Quality:1]]
[2020.07.06-23.33.52:484][  0]LogConfig: Setting CVar [[r.SSS.HalfRes:1]]
[2020.07.06-23.33.52:484][  0]LogConfig: Setting CVar [[r.SSGI.Quality:3]]
[2020.07.06-23.33.52:484][  0]LogConfig: Setting CVar [[r.EmitterSpawnRateScale:1.0]]
[2020.07.06-23.33.52:484][  0]LogConfig: Setting CVar [[r.ParticleLightQuality:2]]
[2020.07.06-23.33.52:484][  0]LogConfig: Setting CVar [[r.SkyAtmosphere.AerialPerspectiveLUT.FastApplyOnOpaque:1 ; Always have FastSkyLUT 1 in this case to avoid wrong sky]]
[2020.07.06-23.33.52:484][  0]LogConfig: Setting CVar [[r.SkyAtmosphere.AerialPerspectiveLUT.SampleCountPerSlice:1]]
[2020.07.06-23.33.52:484][  0]LogConfig: Setting CVar [[r.SkyAtmosphere.AerialPerspectiveLUT.DepthResolution:16.0]]
[2020.07.06-23.33.52:484][  0]LogConfig: Setting CVar [[r.SkyAtmosphere.FastSkyLUT:1]]
[2020.07.06-23.33.52:484][  0]LogConfig: Setting CVar [[r.SkyAtmosphere.FastSkyLUT.SampleCountMin:4.0]]
[2020.07.06-23.33.52:484][  0]LogConfig: Setting CVar [[r.SkyAtmosphere.FastSkyLUT.SampleCountMax:32.0]]
[2020.07.06-23.33.52:484][  0]LogConfig: Setting CVar [[r.SkyAtmosphere.SampleCountMin:4.0]]
[2020.07.06-23.33.52:484][  0]LogConfig: Setting CVar [[r.SkyAtmosphere.SampleCountMax:32.0]]
[2020.07.06-23.33.52:484][  0]LogConfig: Setting CVar [[r.SkyAtmosphere.TransmittanceLUT.UseSmallFormat:0]]
[2020.07.06-23.33.52:484][  0]LogConfig: Setting CVar [[r.SkyAtmosphere.TransmittanceLUT.SampleCount:10.0]]
[2020.07.06-23.33.52:484][  0]LogConfig: Setting CVar [[r.SkyAtmosphere.MultiScatteringLUT.SampleCount:15.0]]
[2020.07.06-23.33.52:484][  0]LogConfig: Applying CVar settings from Section [FoliageQuality@3] File [D:/_Evgenii/_Git_/ToTheFlame/TTFv2/Saved/Config/Windows/Scalability.ini]
[2020.07.06-23.33.52:484][  0]LogConfig: Setting CVar [[foliage.DensityScale:1.0]]
[2020.07.06-23.33.52:484][  0]LogConfig: Setting CVar [[grass.DensityScale:1.0]]
[2020.07.06-23.33.52:484][  0]LogConfig: Applying CVar settings from Section [ShadingQuality@3] File [D:/_Evgenii/_Git_/ToTheFlame/TTFv2/Saved/Config/Windows/Scalability.ini]
[2020.07.06-23.33.52:484][  0]LogConfig: Setting CVar [[r.HairStrands.SkyLighting.SampleCount:16]]
[2020.07.06-23.33.52:484][  0]LogConfig: Setting CVar [[r.HairStrands.SkyLighting.JitterIntegration:0]]
[2020.07.06-23.33.52:484][  0]LogConfig: Setting CVar [[r.HairStrands.SkyAO.SampleCount:16]]
[2020.07.06-23.33.52:484][  0]LogConfig: Applying CVar settings from Section [Startup] File [../../../Engine/Config/ConsoleVariables.ini]
[2020.07.06-23.33.52:485][  0]LogConfig: Setting CVar [[net.UseAdaptiveNetUpdateFrequency:0]]
[2020.07.06-23.33.52:485][  0]LogConfig: Setting CVar [[p.chaos.AllowCreatePhysxBodies:1]]
[2020.07.06-23.33.52:485][  0]LogConfig: Applying CVar settings from Section [ConsoleVariables] File [D:/_Evgenii/_Git_/ToTheFlame/TTFv2/Saved/Config/Windows/Engine.ini]
[2020.07.06-23.33.52:485][  0]LogInit: Computer: EPRUPETW1498
[2020.07.06-23.33.52:485][  0]LogInit: User: EvgeniiProsolupov
[2020.07.06-23.33.52:485][  0]LogInit: CPU Page size=4096, Cores=4
[2020.07.06-23.33.52:485][  0]LogInit: High frequency timer resolution =10.000000 MHz
[2020.07.06-23.33.52:485][  0]LogMemory: Memory total: Physical=31.9GB (32GB approx)
[2020.07.06-23.33.52:485][  0]LogMemory: Platform Memory Stats for Windows
[2020.07.06-23.33.52:485][  0]LogMemory: Process Physical Memory: 109.63 MB used, 109.63 MB peak
[2020.07.06-23.33.52:485][  0]LogMemory: Process Virtual Memory: 104.29 MB used, 104.29 MB peak
[2020.07.06-23.33.52:485][  0]LogMemory: Physical Memory: 14873.29 MB used,  17815.28 MB free, 32688.57 MB total
[2020.07.06-23.33.52:485][  0]LogMemory: Virtual Memory: 5142.71 MB used,  134212584.00 MB free, 134217728.00 MB total
[2020.07.06-23.33.52:489][  0]LogWindows: WindowsPlatformFeatures enabled
[2020.07.06-23.33.52:521][  0]LogInit: Using OS detected language (en-US).
[2020.07.06-23.33.52:521][  0]LogInit: Using OS detected locale (en-US).
[2020.07.06-23.33.52:522][  0]LogTextLocalizationManager: No specific localization for 'en-US' exists, so the 'en' localization will be used.
[2020.07.06-23.33.52:718][  0]LogInit: Setting process to per monitor DPI aware
[2020.07.06-23.33.52:773][  0]LogSlate: New Slate User Created.  User Index 0, Is Virtual User: 0
[2020.07.06-23.33.52:774][  0]LogSlate: Slate User Registered.  User Index 0, Is Virtual User: 0
[2020.07.06-23.33.53:015][  0]LogHMD: Failed to initialize OpenVR with code 100
[2020.07.06-23.33.53:015][  0]LogD3D11RHI: D3D11 min allowed feature level: 11_0
[2020.07.06-23.33.53:015][  0]LogD3D11RHI: D3D11 max allowed feature level: 11_0
[2020.07.06-23.33.53:015][  0]LogD3D11RHI: D3D11 adapters:
[2020.07.06-23.33.53:100][  0]LogD3D11RHI:    0. 'NVIDIA GeForce GTX 970' (Feature Level 11_0)
[2020.07.06-23.33.53:100][  0]LogD3D11RHI:       4043/0/16344 MB DedicatedVideo/DedicatedSystem/SharedSystem, Outputs:2, VendorId:0x10de
[2020.07.06-23.33.53:104][  0]LogD3D11RHI:    1. 'Microsoft Basic Render Driver' (Feature Level 11_0)
[2020.07.06-23.33.53:104][  0]LogD3D11RHI:       0/0/16344 MB DedicatedVideo/DedicatedSystem/SharedSystem, Outputs:0, VendorId:0x1414
[2020.07.06-23.33.53:104][  0]LogD3D11RHI: Chosen D3D11 Adapter: 0
[2020.07.06-23.33.53:115][  0]LogD3D11RHI: Creating new Direct3DDevice
[2020.07.06-23.33.53:116][  0]LogD3D11RHI:     GPU DeviceId: 0x13c2 (for the marketing name, search the web for "GPU Device Id")
[2020.07.06-23.33.53:116][  0]LogWindows: EnumDisplayDevices:
[2020.07.06-23.33.53:116][  0]LogWindows:    0. 'NVIDIA GeForce GTX 970' (P:1 D:1)
[2020.07.06-23.33.53:116][  0]LogWindows:    1. 'NVIDIA GeForce GTX 970' (P:0 D:1)
[2020.07.06-23.33.53:117][  0]LogWindows:    2. 'NVIDIA GeForce GTX 970' (P:0 D:0)
[2020.07.06-23.33.53:117][  0]LogWindows:    3. 'NVIDIA GeForce GTX 970' (P:0 D:0)
[2020.07.06-23.33.53:117][  0]LogWindows: DebugString: FoundDriverCount:4 
[2020.07.06-23.33.53:117][  0]LogD3D11RHI:     Adapter Name: NVIDIA GeForce GTX 970
[2020.07.06-23.33.53:117][  0]LogD3D11RHI:   Driver Version: 391.35 (internal:23.21.13.9135, unified:391.35)
[2020.07.06-23.33.53:117][  0]LogD3D11RHI:      Driver Date: 3-23-2018
[2020.07.06-23.33.53:117][  0]LogRHI: Texture pool is 2830 MB (70% of 4043 MB)
[2020.07.06-23.33.53:158][  0]LogD3D11RHI: RHI has support for 64 bit atomics
[2020.07.06-23.33.53:158][  0]LogD3D11RHI: Async texture creation enabled
[2020.07.06-23.33.53:222][  0]LogD3D11RHI: GPU Timing Frequency: 1000.000000 (Debug: 2 2)
[2020.07.06-23.33.53:721][  0]LogTargetPlatformManager: Display: Loaded TargetPlatform 'AllDesktop'
[2020.07.06-23.33.53:755][  0]LogTargetPlatformManager: Display: Loaded TargetPlatform 'Android'
[2020.07.06-23.33.53:755][  0]LogTargetPlatformManager: Display: Loaded TargetPlatform 'Android_ASTC'
[2020.07.06-23.33.53:755][  0]LogTargetPlatformManager: Display: Loaded TargetPlatform 'Android_ATC'
[2020.07.06-23.33.53:755][  0]LogTargetPlatformManager: Display: Loaded TargetPlatform 'Android_DXT'
[2020.07.06-23.33.53:755][  0]LogTargetPlatformManager: Display: Loaded TargetPlatform 'Android_ETC1'
[2020.07.06-23.33.53:755][  0]LogTargetPlatformManager: Display: Loaded TargetPlatform 'Android_ETC1a'
[2020.07.06-23.33.53:755][  0]LogTargetPlatformManager: Display: Loaded TargetPlatform 'Android_ETC2'
[2020.07.06-23.33.53:756][  0]LogTargetPlatformManager: Display: Loaded TargetPlatform 'Android_PVRTC'
[2020.07.06-23.33.53:756][  0]LogTargetPlatformManager: Display: Loaded TargetPlatform 'AndroidClient'
[2020.07.06-23.33.53:756][  0]LogTargetPlatformManager: Display: Loaded TargetPlatform 'Android_ASTCClient'
[2020.07.06-23.33.53:756][  0]LogTargetPlatformManager: Display: Loaded TargetPlatform 'Android_ATCClient'
[2020.07.06-23.33.53:756][  0]LogTargetPlatformManager: Display: Loaded TargetPlatform 'Android_DXTClient'
[2020.07.06-23.33.53:756][  0]LogTargetPlatformManager: Display: Loaded TargetPlatform 'Android_ETC1Client'
[2020.07.06-23.33.53:756][  0]LogTargetPlatformManager: Display: Loaded TargetPlatform 'Android_ETC1aClient'
[2020.07.06-23.33.53:756][  0]LogTargetPlatformManager: Display: Loaded TargetPlatform 'Android_ETC2Client'
[2020.07.06-23.33.53:756][  0]LogTargetPlatformManager: Display: Loaded TargetPlatform 'Android_PVRTCClient'
[2020.07.06-23.33.53:756][  0]LogTargetPlatformManager: Display: Loaded TargetPlatform 'Android_Multi'
[2020.07.06-23.33.53:756][  0]LogTargetPlatformManager: Display: Loaded TargetPlatform 'Android_MultiClient'
[2020.07.06-23.33.53:779][  0]LogTargetPlatformManager: Display: Loaded TargetPlatform 'IOSClient'
[2020.07.06-23.33.53:779][  0]LogTargetPlatformManager: Display: Loaded TargetPlatform 'IOS'
[2020.07.06-23.33.53:790][  0]LogTargetPlatformManager: Display: Loaded TargetPlatform 'LinuxNoEditor'
[2020.07.06-23.33.53:799][  0]LogTargetPlatformManager: Display: Loaded TargetPlatform 'LinuxClient'
[2020.07.06-23.33.53:807][  0]LogTargetPlatformManager: Display: Loaded TargetPlatform 'LinuxServer'
[2020.07.06-23.33.53:815][  0]LogTargetPlatformManager: Display: Loaded TargetPlatform 'LinuxAArch64NoEditor'
[2020.07.06-23.33.53:823][  0]LogTargetPlatformManager: Display: Loaded TargetPlatform 'LinuxAArch64Client'
[2020.07.06-23.33.53:830][  0]LogTargetPlatformManager: Display: Loaded TargetPlatform 'LinuxAArch64Server'
[2020.07.06-23.33.53:855][  0]LogTargetPlatformManager: Display: Loaded TargetPlatform 'Lumin'
[2020.07.06-23.33.53:855][  0]LogTargetPlatformManager: Display: Loaded TargetPlatform 'LuminClient'
[2020.07.06-23.33.53:871][  0]LogTargetPlatformManager: Display: Loaded TargetPlatform 'TVOSClient'
[2020.07.06-23.33.53:871][  0]LogTargetPlatformManager: Display: Loaded TargetPlatform 'TVOS'
[2020.07.06-23.33.53:882][  0]LogTargetPlatformManager: Display: Loaded TargetPlatform 'WindowsNoEditor'
[2020.07.06-23.33.53:891][  0]LogTargetPlatformManager: Display: Loaded TargetPlatform 'Windows'
[2020.07.06-23.33.53:898][  0]LogTargetPlatformManager: Display: Loaded TargetPlatform 'WindowsClient'
[2020.07.06-23.33.53:906][  0]LogTargetPlatformManager: Display: Loaded TargetPlatform 'WindowsServer'
[2020.07.06-23.33.53:906][  0]LogTargetPlatformManager: Display: Building Assets For Windows
[2020.07.06-23.33.53:912][  0]LogAudioDebug: Display: Lib vorbis DLL was dynamically loaded.
[2020.07.06-23.33.53:948][  0]LogShaderCompilers: Guid format shader working directory is 9 characters bigger than the processId version (../../../../../../_Evgenii/_Git_/ToTheFlame/TTFv2/Intermediate/Shaders/WorkingDirectory/26200/).
[2020.07.06-23.33.53:950][  0]LogShaderCompilers: Cleaned the shader compiler working directory 'C:/Users/Evgenii_Prosolupov/AppData/Local/Temp/UnrealShaderWorkingDir/F0CEBC7B416E0A5A62FE02BB052B6778/'.
[2020.07.06-23.33.53:950][  0]LogXGEController: Cannot use XGE Controller as Incredibuild is not installed on this machine.
[2020.07.06-23.33.53:951][  0]LogShaderCompilers: Cannot use XGE Shader Compiler as Incredibuild is not installed on this machine.
[2020.07.06-23.33.53:951][  0]LogShaderCompilers: Display: Using Local Shader Compiler.
[2020.07.06-23.33.54:783][  0]LogDerivedDataCache: Display: Max Cache Size: 512 MB
[2020.07.06-23.33.54:837][  0]LogDerivedDataCache: Loaded boot cache 0.05s 78MB C:/Users/Evgenii_Prosolupov/AppData/Local/UnrealEngine/4.24/DerivedDataCache/Boot.ddc.
[2020.07.06-23.33.54:837][  0]LogDerivedDataCache: Display: Loaded Boot cache: C:/Users/Evgenii_Prosolupov/AppData/Local/UnrealEngine/4.24/DerivedDataCache/Boot.ddc
[2020.07.06-23.33.54:837][  0]LogDerivedDataCache: FDerivedDataBackendGraph:  Pak pak cache file ../../../../../../_Evgenii/_Git_/ToTheFlame/TTFv2/DerivedDataCache/DDC.ddp not found, will not use a pak cache.
[2020.07.06-23.33.54:837][  0]LogDerivedDataCache: Unable to find inner node Pak for hierarchical cache Hierarchy.
[2020.07.06-23.33.54:837][  0]LogDerivedDataCache: FDerivedDataBackendGraph:  CompressedPak pak cache file ../../../../../../_Evgenii/_Git_/ToTheFlame/TTFv2/DerivedDataCache/Compressed.ddp not found, will not use a pak cache.
[2020.07.06-23.33.54:837][  0]LogDerivedDataCache: Unable to find inner node CompressedPak for hierarchical cache Hierarchy.
[2020.07.06-23.33.54:848][  0]LogDerivedDataCache: Display: Pak cache opened for reading ../../../Engine/DerivedDataCache/Compressed.ddp.
[2020.07.06-23.33.54:848][  0]LogDerivedDataCache: FDerivedDataBackendGraph:  EnterprisePak pak cache file ../../../Enterprise/DerivedDataCache/Compressed.ddp not found, will not use a pak cache.
[2020.07.06-23.33.54:848][  0]LogDerivedDataCache: Unable to find inner node EnterprisePak for hierarchical cache Hierarchy.
[2020.07.06-23.33.54:852][  0]LogDerivedDataCache: Using Local data cache path C:/Users/Evgenii_Prosolupov/AppData/Local/UnrealEngine/Common/DerivedDataCache: Writable
[2020.07.06-23.33.54:852][  0]LogDerivedDataCache: Shared data cache path not found in *engine.ini, will not use an Shared cache.
[2020.07.06-23.33.54:852][  0]LogDerivedDataCache: Unable to find inner node Shared for hierarchical cache Hierarchy.
[2020.07.06-23.33.54:882][  0]LogMaterial: Verifying Global Shaders for PCD3D_SM5
[2020.07.06-23.33.54:885][  0]LogSlate: Using FreeType 2.10.0
[2020.07.06-23.33.54:886][  0]LogSlate: SlateFontServices - WITH_FREETYPE: 1, WITH_HARFBUZZ: 1
[2020.07.06-23.33.54:965][  0]LogAssetRegistry: FAssetRegistry took 0.0028 seconds to start up
[2020.07.06-23.33.55:281][  0]LogInit: Selected Device Profile: [Windows]
[2020.07.06-23.33.55:448][  0]LogMeshReduction: Using QuadricMeshReduction for automatic static mesh reduction
[2020.07.06-23.33.55:448][  0]LogMeshReduction: Using SimplygonMeshReduction for automatic skeletal mesh reduction
[2020.07.06-23.33.55:448][  0]LogMeshReduction: Using ProxyLODMeshReduction for automatic mesh merging
[2020.07.06-23.33.55:448][  0]LogMeshReduction: No distributed automatic mesh merging module available
[2020.07.06-23.33.55:448][  0]LogMeshMerging: No distributed automatic mesh merging module available
[2020.07.06-23.33.55:463][  0]LogNetVersion: TTFv2 1.0.0, NetCL: 10570792, EngineNetVer: 13, GameNetVer: 0 (Checksum: 2759664193)
[2020.07.06-23.33.56:858][  0]LogPackageLocalizationCache: Processed 10 localized package path(s) for 1 prioritized culture(s) in 0.107910 seconds
[2020.07.06-23.33.56:867][  0]LogUObjectArray: 46750 objects as part of root set at end of initial load.
[2020.07.06-23.33.56:867][  0]LogUObjectAllocator: 8137160 out of 0 bytes used by permanent object pool.
[2020.07.06-23.33.56:867][  0]LogUObjectArray: CloseDisregardForGC: 0/0 objects in disregard for GC pool
[2020.07.06-23.33.57:459][  0]LogTcpMessaging: Initializing TcpMessaging bridge
[2020.07.06-23.33.57:667][  0]LogUdpMessaging: Initializing bridge on interface 0.0.0.0:0 to multicast group 230.0.0.1:6666.
[2020.07.06-23.33.57:747][  0]SourceControl: Source control is disabled
[2020.07.06-23.33.57:747][  0]SourceControl: Source control is disabled
[2020.07.06-23.33.57:749][  0]SourceControl: Source control is disabled
[2020.07.06-23.33.57:751][  0]SourceControl: Source control is disabled
[2020.07.06-23.33.57:752][  0]SourceControl: Source control is disabled
[2020.07.06-23.33.57:895][  0]LogAndroidPermission: UAndroidPermissionCallbackProxy::GetInstance
[2020.07.06-23.33.57:914][  0]LogAudioCaptureCore: Display: No Audio Capture implementations found. Audio input will be silent.
[2020.07.06-23.33.57:914][  0]LogAudioCaptureCore: Display: No Audio Capture implementations found. Audio input will be silent.
[2020.07.06-23.33.58:017][  0]LogOcInput: OculusInput pre-init called
[2020.07.06-23.33.58:028][  0]LogWindows: Failed to load 'OVRPlugin.dll' (GetLastError=126)
[2020.07.06-23.33.58:028][  0]LogWindows: File 'OVRPlugin.dll' does not exist
[2020.07.06-23.33.58:123][  0]LogEngine: Initializing Engine...
[2020.07.06-23.33.58:125][  0]LogHMD: Failed to initialize OpenVR with code 100
[2020.07.06-23.33.58:125][  0]LogStats: UGameplayTagsManager::InitializeManager -  0.000 s
[2020.07.06-23.33.58:534][  0]LogInit: Initializing FReadOnlyCVARCache
[2020.07.06-23.33.58:543][  0]LogAIModule: Creating AISystem for world Untitled
[2020.07.06-23.33.58:569][  0]LogAudioMixer: Display: Audio Mixer Platform Settings:
[2020.07.06-23.33.58:569][  0]LogAudioMixer: Display: 	Sample Rate:						  48000
[2020.07.06-23.33.58:569][  0]LogAudioMixer: Display: 	Callback Buffer Frame Size Requested: 1024
[2020.07.06-23.33.58:569][  0]LogAudioMixer: Display: 	Callback Buffer Frame Size To Use:	  1024
[2020.07.06-23.33.58:570][  0]LogAudioMixer: Display: 	Number of buffers to queue:			  2
[2020.07.06-23.33.58:570][  0]LogAudioMixer: Display: 	Max Channels (voices):				  32
[2020.07.06-23.33.58:570][  0]LogAudioMixer: Display: 	Number of Async Source Workers:		  0
[2020.07.06-23.33.58:570][  0]LogAudio: Display: AudioDevice MaxSources: 32
[2020.07.06-23.33.58:570][  0]LogAudio: Display: Using built-in audio occlusion.
[2020.07.06-23.33.58:570][  0]LogAudioMixer: Display: Initializing audio mixer.
[2020.07.06-23.33.58:604][  0]LogAudioMixer: Display: Audio Device Output Speaker Info:
[2020.07.06-23.33.58:604][  0]LogAudioMixer: Display: Name: Headset Earphone (Jabra EVOLVE 20 MS)
[2020.07.06-23.33.58:604][  0]LogAudioMixer: Display: Is Default: Yes
[2020.07.06-23.33.58:604][  0]LogAudioMixer: Display: Sample Rate: 48000
[2020.07.06-23.33.58:604][  0]LogAudioMixer: Display: Channel Count Used: 2
[2020.07.06-23.33.58:604][  0]LogAudioMixer: Display: Device Channel Count: 2
[2020.07.06-23.33.58:604][  0]LogAudioMixer: Display: Channel Order:
[2020.07.06-23.33.58:604][  0]LogAudioMixer: Display: 0: FrontLeft
[2020.07.06-23.33.58:604][  0]LogAudioMixer: Display: 1: FrontRight
[2020.07.06-23.33.58:632][  0]LogAudioMixer: Display: Using Audio Device Headset Earphone (Jabra EVOLVE 20 MS)
[2020.07.06-23.33.58:637][  0]LogInit: FAudioDevice initialized.
[2020.07.06-23.33.58:638][  0]LogNetVersion: Set ProjectVersion to 1.0.0.0. Version Checksum will be recalculated on next use.
[2020.07.06-23.33.58:733][  0]LogDerivedDataCache: Saved boot cache 0.10s 78MB C:/Users/Evgenii_Prosolupov/AppData/Local/UnrealEngine/4.24/DerivedDataCache/Boot.ddc.
[2020.07.06-23.33.58:734][  0]LogInit: Texture streaming: Enabled
[2020.07.06-23.33.58:750][  0]LogEngineSessionManager: EngineSessionManager initialized
[2020.07.06-23.33.58:750][  0]LogEditorSessionSummary: Verbose: Initializing EditorSessionSummaryWriter for editor session tracking
[2020.07.06-23.33.58:757][  0]LogEditorSessionSummary: EditorSessionSummaryWriter initialized
[2020.07.06-23.33.58:779][  0]LogInit: Transaction tracking system initialized
[2020.07.06-23.33.58:796][  0]BlueprintLog: New page: Editor Load
[2020.07.06-23.33.58:889][  0]LocalizationService: Localization service is disabled
[2020.07.06-23.33.59:292][  0]LogFileCache: Scanning file cache for directory 'D:/_Evgenii/_Git_/ToTheFlame/TTFv2/Content/' took 0.00s
[2020.07.06-23.33.59:292][  0]LogCook: Display: Max memory allowance for cook 16384mb min free memory 0mb
[2020.07.06-23.33.59:292][  0]LogCook: Display: Mobile HDR setting 1
[2020.07.06-23.34.00:328][  0]SourceControl: Source control is disabled
[2020.07.06-23.34.00:328][  0]Cmd: MAP LOAD FILE="../../../../../../_Evgenii/_Git_/ToTheFlame/TTFv2/Content/TopDownBP/Maps/TopDownExampleMap.umap" TEMPLATE=0 SHOWPROGRESS=1 FEATURELEVEL=3
[2020.07.06-23.34.00:328][  0]LightingResults: New page: Lighting Build
[2020.07.06-23.34.00:329][  0]LogWorld: UWorld::CleanupWorld for Untitled, bSessionEnded=true, bCleanupResources=true
[2020.07.06-23.34.00:329][  0]LogSlate: InvalidateAllWidgets triggered.  All widgets were invalidated
[2020.07.06-23.34.00:329][  0]MapCheck: New page: Map Check
[2020.07.06-23.34.00:330][  0]LightingResults: New page: Lighting Build
[2020.07.06-23.34.00:355][  0]LogUObjectHash: Compacting FUObjectHashTables data took   1.57ms
[2020.07.06-23.34.01:537][  0]LogAIModule: Creating AISystem for world TopDownExampleMap
[2020.07.06-23.34.01:548][  0]LogEditorServer: Finished looking for orphan Actors (0.000 secs)
[2020.07.06-23.34.01:578][  0]LogUObjectHash: Compacting FUObjectHashTables data took   2.45ms
[2020.07.06-23.34.01:578][  0]Cmd: MAP CHECKDEP NOCLEARLOG
[2020.07.06-23.34.01:578][  0]MapCheck: Map check complete: 0 Error(s), 0 Warning(s), took 0.261ms to complete.
[2020.07.06-23.34.01:578][  0]LogFileHelpers: Loading map 'TopDownExampleMap' took 1.250
[2020.07.06-23.34.01:734][  0]LogSlate: Updating window title bar state: overlay mode, drag disabled, window buttons hidden, title bar hidden
[2020.07.06-23.34.01:743][  0]LogSlate: Updating window title bar state: overlay mode, drag disabled, window buttons hidden, title bar hidden
[2020.07.06-23.34.01:749][  0]LogSlate: Updating window title bar state: overlay mode, drag disabled, window buttons hidden, title bar hidden
[2020.07.06-23.34.01:755][  0]LogSlate: Updating window title bar state: overlay mode, drag disabled, window buttons hidden, title bar hidden
[2020.07.06-23.34.01:763][  0]LogCollectionManager: Loaded 0 collections in 0.000745 seconds
[2020.07.06-23.34.01:846][  0]LogFileCache: Scanning file cache for directory 'D:/_Evgenii/_Git_/ToTheFlame/TTFv2/Saved/Collections/' took 0.00s
[2020.07.06-23.34.01:846][  0]LogFileCache: Scanning file cache for directory 'D:/_Evgenii/_Git_/ToTheFlame/TTFv2/Content/Developers/EvgeniiProsolupov/Collections/' took 0.00s
[2020.07.06-23.34.01:846][  0]LogFileCache: Scanning file cache for directory 'D:/_Evgenii/_Git_/ToTheFlame/TTFv2/Content/Collections/' took 0.00s
[2020.07.06-23.34.01:846][  0]LogContentBrowser: Native class hierarchy populated in 0.0110 seconds. Added 3015 classes and 717 folders.
[2020.07.06-23.34.01:851][  0]LogContentBrowser: Native class hierarchy updated for 'WidgetCarousel' in 0.0005 seconds. Added 0 classes and 0 folders.
[2020.07.06-23.34.01:939][  0]LogContentBrowser: Native class hierarchy updated for 'AddContentDialog' in 0.0002 seconds. Added 0 classes and 0 folders.
[2020.07.06-23.34.01:956][  0]LogContentBrowser: Native class hierarchy updated for 'SceneOutliner' in 0.0004 seconds. Added 2 classes and 3 folders.
[2020.07.06-23.34.02:102][  0]LogSlate: Took 0.000312 seconds to synchronously load lazily loaded font '../../../Engine/Content/Slate/Fonts/Roboto-Regular.ttf' (155K)
[2020.07.06-23.34.02:104][  0]LogSlate: Took 0.000181 seconds to synchronously load lazily loaded font '../../../Engine/Content/Slate/Fonts/Roboto-Bold.ttf' (160K)
[2020.07.06-23.34.02:108][  0]LogSlate: Took 0.000251 seconds to synchronously load lazily loaded font '../../../Engine/Content/Editor/Slate/Fonts/FontAwesome.ttf' (139K)
[2020.07.06-23.34.02:191][  0]LogRenderer: Reallocating scene render targets to support 1020x528 Format 10 NumSamples 1 (Frame:1).
[2020.07.06-23.34.02:309][  0]LogContentBrowser: Native class hierarchy updated for 'HierarchicalLODOutliner' in 0.0002 seconds. Added 0 classes and 0 folders.
[2020.07.06-23.34.02:309][  0]LogLoad: (Engine Initialization) Total time: 12.90 seconds
[2020.07.06-23.34.02:309][  0]LogLoad: (Engine Initialization) Total Blueprint compile time: 0.00 seconds
[2020.07.06-23.34.02:362][  0]LogContentStreaming: Texture pool size now 1000 MB
[2020.07.06-23.34.02:380][  0]LogSlate: Took 0.000222 seconds to synchronously load lazily loaded font '../../../Engine/Content/Slate/Fonts/Roboto-Light.ttf' (167K)
[2020.07.06-23.34.08:224][619]LogAssetRegistry: Asset discovery search completed in 13.2603 seconds
[2020.07.06-23.34.08:227][619]LogCollectionManager: Fixed up redirectors for 0 collections in 0.000006 seconds (updated 0 objects)
[2020.07.06-23.35.09:206][782]LogSlate: Took 0.000253 seconds to synchronously load lazily loaded font '../../../Engine/Content/Slate/Fonts/Roboto-Light.ttf' (167K)
[2020.07.06-23.35.11:738][782]LogSlate: Window 'Pick Parent Class' being destroyed
[2020.07.06-23.36.42:698][684]Cmd: OBJ SAVEPACKAGE PACKAGE="/Game/TTF/BP_BaseCharacter" FILE="../../../../../../_Evgenii/_Git_/ToTheFlame/TTFv2/Content/TTF/BP_BaseCharacter.uasset" SILENT=true
[2020.07.06-23.36.42:709][684]LogSavePackage: Moving '../../../../../../_Evgenii/_Git_/ToTheFlame/TTFv2/Saved/BP_BaseCharacter1DE7E7834987E9C0311182B0AC76B6D9.tmp' to '../../../../../../_Evgenii/_Git_/ToTheFlame/TTFv2/Content/TTF/BP_BaseCharacter.uasset'
[2020.07.06-23.36.42:735][684]Cmd: OBJ SAVEPACKAGE PACKAGE="/Game/TTF/BPI_LightVulnerable" FILE="../../../../../../_Evgenii/_Git_/ToTheFlame/TTFv2/Content/TTF/BPI_LightVulnerable.uasset" SILENT=true
[2020.07.06-23.36.42:740][684]LogSavePackage: Moving '../../../../../../_Evgenii/_Git_/ToTheFlame/TTFv2/Saved/BPI_LightVulnerableB475604F49EEA5DA114CC5BFF9D5E92B.tmp' to '../../../../../../_Evgenii/_Git_/ToTheFlame/TTFv2/Content/TTF/BPI_LightVulnerable.uasset'
[2020.07.06-23.36.42:764][684]AssetCheck: New page: Asset Save: multiple assets
[2020.07.06-23.36.42:764][684]LogContentValidation: Display: Validating Blueprint /Game/TTF/BP_BaseCharacter.BP_BaseCharacter
[2020.07.06-23.36.42:764][684]LogContentValidation: Display: Validating Blueprint /Game/TTF/BPI_LightVulnerable.BPI_LightVulnerable
[2020.07.06-23.36.46:898][174]LogAssetEditorSubsystem: Opening Asset editor for Blueprint /Game/TTF/BP_BaseCharacter.BP_BaseCharacter
[2020.07.06-23.36.47:102][174]LogContentBrowser: Native class hierarchy updated for 'BlueprintGraph' in 0.0004 seconds. Added 121 classes and 0 folders.
[2020.07.06-23.37.02:211][616]LogAssetEditorSubsystem: Opening Asset editor for Blueprint /Game/TopDownBP/Blueprints/TopDownCharacter.TopDownCharacter
[2020.07.06-23.37.02:532][616]LogSlate: Took 0.000263 seconds to synchronously load lazily loaded font '../../../Engine/Content/Slate/Fonts/Roboto-BoldCondensed.ttf' (158K)
[2020.07.06-23.37.02:613][617]LogSlate: Took 0.000428 seconds to synchronously load lazily loaded font '../../../Engine/Content/Slate/Fonts/Roboto-Italic.ttf' (157K)
[2020.07.06-23.37.05:657][894]LogRenderer: Reallocating scene render targets to support 1104x804 Format 10 NumSamples 1 (Frame:1370).
[2020.07.06-23.37.07:872][115]LogSlate: Window 'TopDownCharacter' being destroyed
[2020.07.06-23.57.34:827][947]LogSlate: Prevented a slow task dialog from being summoned while a context menu was open
[2020.07.06-23.58.55:065][270]LogSlate: Window 'Color Picker' being destroyed
[2020.07.06-23.59.14:608][445]LogSlate: Window 'Pick Parent Class' being destroyed
[2020.07.06-23.59.25:246][710]Cmd: OBJ SAVEPACKAGE PACKAGE="/Game/TTF/BP_BaseLight" FILE="../../../../../../_Evgenii/_Git_/ToTheFlame/TTFv2/Content/TTF/BP_BaseLight.uasset" SILENT=true
[2020.07.06-23.59.25:256][710]LogSavePackage: Moving '../../../../../../_Evgenii/_Git_/ToTheFlame/TTFv2/Saved/BP_BaseLight5094389046760A05EBB75E96A23EB3AD.tmp' to '../../../../../../_Evgenii/_Git_/ToTheFlame/TTFv2/Content/TTF/BP_BaseLight.uasset'
[2020.07.06-23.59.25:278][710]AssetCheck: New page: Asset Save: BP_BaseLight
[2020.07.06-23.59.25:278][710]LogContentValidation: Display: Validating Blueprint /Game/TTF/BP_BaseLight.BP_BaseLight
[2020.07.07-00.01.17:397][816]BlueprintLog: New page: Compile TopDownCharacter
[2020.07.07-00.01.17:414][816]LogBlueprint: Error: [Compiler TopDownCharacter] This blueprint (self) is not a SceneComponent, therefore ' Target ' must have a connection.
[2020.07.07-00.01.17:415][816]LogBlueprint: Error: [Compiler TopDownCharacter] This blueprint (self) is not a SceneComponent, therefore ' Target ' must have a connection.
[2020.07.07-00.01.17:415][816]LogBlueprint: Error: [Compiler TopDownCharacter] This blueprint (self) is not a ActorComponent, therefore ' Target ' must have a connection.
[2020.07.07-00.01.17:636][816]LogUObjectHash: Compacting FUObjectHashTables data took   3.71ms
[2020.07.07-00.01.25:598][701]BlueprintLog: New page: Compile TopDownCharacter
[2020.07.07-00.01.25:605][701]LogBlueprint: Error: [Compiler TopDownCharacter] This blueprint (self) is not a SceneComponent, therefore ' Target ' must have a connection.
[2020.07.07-00.01.25:605][701]LogBlueprint: Error: [Compiler TopDownCharacter] This blueprint (self) is not a SceneComponent, therefore ' Target ' must have a connection.
[2020.07.07-00.01.25:605][701]LogBlueprint: Error: [Compiler TopDownCharacter] This blueprint (self) is not a ActorComponent, therefore ' Target ' must have a connection.
[2020.07.07-00.01.25:825][701]LogUObjectHash: Compacting FUObjectHashTables data took   3.93ms
[2020.07.07-00.01.51:110][656]BlueprintLog: New page: Compile TopDownCharacter
[2020.07.07-00.01.51:118][656]LogBlueprint: Error: [Compiler TopDownCharacter] This blueprint (self) is not a ActorComponent, therefore ' Target ' must have a connection.
[2020.07.07-00.01.51:327][656]LogUObjectHash: Compacting FUObjectHashTables data took   4.28ms
[2020.07.07-00.02.13:768][320]BlueprintLog: New page: Compile TopDownCharacter
[2020.07.07-00.02.13:987][320]LogUObjectHash: Compacting FUObjectHashTables data took   3.63ms
[2020.07.07-00.02.17:497][716]LogTemp: Repeating last play command: Selected Viewport
[2020.07.07-00.02.17:507][716]LogBlueprintUserMessages: Early PlayInEditor Detection: Level '/Game/TopDownBP/Maps/TopDownExampleMap.TopDownExampleMap:PersistentLevel' has LevelScriptBlueprint '/Game/TopDownBP/Maps/TopDownExampleMap.TopDownExampleMap:PersistentLevel.TopDownExampleMap' with GeneratedClass '/Game/TopDownBP/Maps/TopDownExampleMap.TopDownExampleMap_C' with ClassGeneratedBy '/Game/TopDownBP/Maps/TopDownExampleMap.TopDownExampleMap:PersistentLevel.TopDownExampleMap'
[2020.07.07-00.02.17:507][716]LogPlayLevel: PlayLevel: No blueprints needed recompiling
[2020.07.07-00.02.17:507][716]PIE: New page: PIE session: TopDownExampleMap (Jul 7, 2020, 6:02:17 AM)
[2020.07.07-00.02.17:509][716]LogOnline: OSS: Creating online subsystem instance for: NULL
[2020.07.07-00.02.17:510][716]LogOnline: OSS: TryLoadSubsystemAndSetDefault: Loaded subsystem for module [NULL]
[2020.07.07-00.02.17:510][716]LogPlayLevel: Creating play world package: /Game/TopDownBP/Maps/UEDPIE_0_TopDownExampleMap
[2020.07.07-00.02.17:528][716]LogPlayLevel: PIE: StaticDuplicateObject took: (0.018191s)
[2020.07.07-00.02.17:530][716]LogAIModule: Creating AISystem for world TopDownExampleMap
[2020.07.07-00.02.17:531][716]LogPlayLevel: PIE: World Init took: (0.002140s)
[2020.07.07-00.02.17:531][716]LogPlayLevel: PIE: Created PIE world by copying editor world from /Game/TopDownBP/Maps/TopDownExampleMap.TopDownExampleMap to /Game/TopDownBP/Maps/UEDPIE_0_TopDownExampleMap.TopDownExampleMap (0.020660s)
[2020.07.07-00.02.17:566][716]LogUObjectHash: Compacting FUObjectHashTables data took   3.26ms
[2020.07.07-00.02.17:566][716]LogAudioMixer: Display: Audio Mixer Platform Settings:
[2020.07.07-00.02.17:566][716]LogAudioMixer: Display: 	Sample Rate:						  48000
[2020.07.07-00.02.17:566][716]LogAudioMixer: Display: 	Callback Buffer Frame Size Requested: 1024
[2020.07.07-00.02.17:566][716]LogAudioMixer: Display: 	Callback Buffer Frame Size To Use:	  1024
[2020.07.07-00.02.17:566][716]LogAudioMixer: Display: 	Number of buffers to queue:			  2
[2020.07.07-00.02.17:566][716]LogAudioMixer: Display: 	Max Channels (voices):				  32
[2020.07.07-00.02.17:566][716]LogAudioMixer: Display: 	Number of Async Source Workers:		  0
[2020.07.07-00.02.17:566][716]LogAudio: Display: AudioDevice MaxSources: 32
[2020.07.07-00.02.17:567][716]LogAudio: Display: Using built-in audio occlusion.
[2020.07.07-00.02.17:567][716]LogAudioMixer: Display: Initializing audio mixer.
[2020.07.07-00.02.17:590][716]LogAudioMixer: Display: Audio Device Output Speaker Info:
[2020.07.07-00.02.17:590][716]LogAudioMixer: Display: Name: Headset Earphone (Jabra EVOLVE 20 MS)
[2020.07.07-00.02.17:590][716]LogAudioMixer: Display: Is Default: Yes
[2020.07.07-00.02.17:590][716]LogAudioMixer: Display: Sample Rate: 48000
[2020.07.07-00.02.17:590][716]LogAudioMixer: Display: Channel Count Used: 2
[2020.07.07-00.02.17:590][716]LogAudioMixer: Display: Device Channel Count: 2
[2020.07.07-00.02.17:590][716]LogAudioMixer: Display: Channel Order:
[2020.07.07-00.02.17:590][716]LogAudioMixer: Display: 0: FrontLeft
[2020.07.07-00.02.17:590][716]LogAudioMixer: Display: 1: FrontRight
[2020.07.07-00.02.17:605][716]LogAudioMixer: Display: Using Audio Device Headset Earphone (Jabra EVOLVE 20 MS)
[2020.07.07-00.02.17:606][716]LogInit: FAudioDevice initialized.
[2020.07.07-00.02.17:617][716]LogLoad: Game class is 'TopDownGameMode_C'
[2020.07.07-00.02.17:619][716]LogWorld: Bringing World /Game/TopDownBP/Maps/UEDPIE_0_TopDownExampleMap.TopDownExampleMap up for play (max tick rate 0) at 2020.07.07-03.02.17
[2020.07.07-00.02.17:619][716]LogWorld: Bringing up level for play took: 0.001550
[2020.07.07-00.02.17:620][716]LogOnline: OSS: Creating online subsystem instance for: :Context_6
[2020.07.07-00.02.17:624][716]LogContentBrowser: Native class hierarchy updated for 'MovieSceneCapture' in 0.0004 seconds. Added 20 classes and 0 folders.
[2020.07.07-00.02.17:624][716]PIE: Play in editor start time for /Game/TopDownBP/Maps/UEDPIE_0_TopDownExampleMap -0.535
[2020.07.07-00.02.17:624][716]LogBlueprintUserMessages: Late PlayInEditor Detection: Level '/Game/TopDownBP/Maps/TopDownExampleMap.TopDownExampleMap:PersistentLevel' has LevelScriptBlueprint '/Game/TopDownBP/Maps/TopDownExampleMap.TopDownExampleMap:PersistentLevel.TopDownExampleMap' with GeneratedClass '/Game/TopDownBP/Maps/TopDownExampleMap.TopDownExampleMap_C' with ClassGeneratedBy '/Game/TopDownBP/Maps/TopDownExampleMap.TopDownExampleMap:PersistentLevel.TopDownExampleMap'
[2020.07.07-00.02.20:242][990]LogAudioMixer: Display: No commands were queued while flushing the source manager.
[2020.07.07-00.02.20:242][990]LogAudioMixer: Display: No commands were queued while flushing the source manager.
[2020.07.07-00.02.20:242][990]LogBlueprintUserMessages: Early EndPlayMap Detection: Level '/Game/TopDownBP/Maps/TopDownExampleMap.TopDownExampleMap:PersistentLevel' has LevelScriptBlueprint '/Game/TopDownBP/Maps/TopDownExampleMap.TopDownExampleMap:PersistentLevel.TopDownExampleMap' with GeneratedClass '/Game/TopDownBP/Maps/TopDownExampleMap.TopDownExampleMap_C' with ClassGeneratedBy '/Game/TopDownBP/Maps/TopDownExampleMap.TopDownExampleMap:PersistentLevel.TopDownExampleMap'
[2020.07.07-00.02.20:242][990]LogSlate: Updating window title bar state: overlay mode, drag disabled, window buttons hidden, title bar hidden
[2020.07.07-00.02.20:242][990]LogWorld: BeginTearingDown for /Game/TopDownBP/Maps/UEDPIE_0_TopDownExampleMap
[2020.07.07-00.02.20:242][990]LogAudioMixer: Display: No commands were queued while flushing the source manager.
[2020.07.07-00.02.20:243][990]LogWorld: UWorld::CleanupWorld for TopDownExampleMap, bSessionEnded=true, bCleanupResources=true
[2020.07.07-00.02.20:243][990]LogSlate: InvalidateAllWidgets triggered.  All widgets were invalidated
[2020.07.07-00.02.20:254][990]LogPlayLevel: Display: Shutting down PIE online subsystems
[2020.07.07-00.02.20:254][990]LogBlueprintUserMessages: Late EndPlayMap Detection: Level '/Game/TopDownBP/Maps/TopDownExampleMap.TopDownExampleMap:PersistentLevel' has LevelScriptBlueprint '/Game/TopDownBP/Maps/TopDownExampleMap.TopDownExampleMap:PersistentLevel.TopDownExampleMap' with GeneratedClass '/Game/TopDownBP/Maps/TopDownExampleMap.TopDownExampleMap_C' with ClassGeneratedBy '/Game/TopDownBP/Maps/TopDownExampleMap.TopDownExampleMap:PersistentLevel.TopDownExampleMap'
[2020.07.07-00.02.20:258][990]LogSlate: InvalidateAllWidgets triggered.  All widgets were invalidated
[2020.07.07-00.02.20:291][990]LogAudioMixer: Display: No commands were queued while flushing the source manager.
[2020.07.07-00.02.20:295][990]LogSlate: Updating window title bar state: overlay mode, drag disabled, window buttons hidden, title bar hidden
[2020.07.07-00.02.20:317][990]LogUObjectHash: Compacting FUObjectHashTables data took   3.87ms
[2020.07.07-00.02.20:360][992]LogPlayLevel: Display: Destroying online subsystem :Context_6
[2020.07.07-00.02.57:930][368]BlueprintLog: New page: Compile TopDownCharacter
[2020.07.07-00.02.58:241][368]LogUObjectHash: Compacting FUObjectHashTables data took   3.97ms
[2020.07.07-00.03.02:338][834]LogEditorTransaction: Undo Edit Auto Activate
[2020.07.07-00.03.03:078][874]LogEditorTransaction: Undo Delete current selection
[2020.07.07-00.04.03:652][ 13]BlueprintLog: New page: Compile TopDownCharacter
[2020.07.07-00.04.03:922][ 13]LogUObjectHash: Compacting FUObjectHashTables data took   3.83ms
[2020.07.07-00.04.07:488][423]BlueprintLog: New page: Compile TopDownCharacter
[2020.07.07-00.04.07:786][423]LogUObjectHash: Compacting FUObjectHashTables data took   4.23ms
[2020.07.07-00.04.16:044][374]BlueprintLog: New page: Compile TopDownCharacter
[2020.07.07-00.04.16:347][374]LogUObjectHash: Compacting FUObjectHashTables data took   4.62ms
[2020.07.07-00.04.18:237][588]LogTemp: Repeating last play command: Selected Viewport
[2020.07.07-00.04.18:248][588]LogBlueprintUserMessages: Early PlayInEditor Detection: Level '/Game/TopDownBP/Maps/TopDownExampleMap.TopDownExampleMap:PersistentLevel' has LevelScriptBlueprint '/Game/TopDownBP/Maps/TopDownExampleMap.TopDownExampleMap:PersistentLevel.TopDownExampleMap' with GeneratedClass '/Game/TopDownBP/Maps/TopDownExampleMap.TopDownExampleMap_C' with ClassGeneratedBy '/Game/TopDownBP/Maps/TopDownExampleMap.TopDownExampleMap:PersistentLevel.TopDownExampleMap'
[2020.07.07-00.04.18:248][588]LogPlayLevel: PlayLevel: No blueprints needed recompiling
[2020.07.07-00.04.18:248][588]PIE: New page: PIE session: TopDownExampleMap (Jul 7, 2020, 6:04:18 AM)
[2020.07.07-00.04.18:248][588]LogPlayLevel: Creating play world package: /Game/TopDownBP/Maps/UEDPIE_0_TopDownExampleMap
[2020.07.07-00.04.18:261][588]LogPlayLevel: PIE: StaticDuplicateObject took: (0.012476s)
[2020.07.07-00.04.18:262][588]LogAIModule: Creating AISystem for world TopDownExampleMap
[2020.07.07-00.04.18:263][588]LogPlayLevel: PIE: World Init took: (0.001487s)
[2020.07.07-00.04.18:263][588]LogPlayLevel: PIE: Created PIE world by copying editor world from /Game/TopDownBP/Maps/TopDownExampleMap.TopDownExampleMap to /Game/TopDownBP/Maps/UEDPIE_0_TopDownExampleMap.TopDownExampleMap (0.014193s)
[2020.07.07-00.04.18:304][588]LogUObjectHash: Compacting FUObjectHashTables data took   4.95ms
[2020.07.07-00.04.18:306][588]LogAudioMixer: Display: Audio Mixer Platform Settings:
[2020.07.07-00.04.18:306][588]LogAudioMixer: Display: 	Sample Rate:						  48000
[2020.07.07-00.04.18:306][588]LogAudioMixer: Display: 	Callback Buffer Frame Size Requested: 1024
[2020.07.07-00.04.18:306][588]LogAudioMixer: Display: 	Callback Buffer Frame Size To Use:	  1024
[2020.07.07-00.04.18:306][588]LogAudioMixer: Display: 	Number of buffers to queue:			  2
[2020.07.07-00.04.18:306][588]LogAudioMixer: Display: 	Max Channels (voices):				  32
[2020.07.07-00.04.18:306][588]LogAudioMixer: Display: 	Number of Async Source Workers:		  0
[2020.07.07-00.04.18:306][588]LogAudio: Display: AudioDevice MaxSources: 32
[2020.07.07-00.04.18:307][588]LogAudio: Display: Using built-in audio occlusion.
[2020.07.07-00.04.18:307][588]LogAudioMixer: Display: Initializing audio mixer.
[2020.07.07-00.04.18:332][588]LogAudioMixer: Display: Audio Device Output Speaker Info:
[2020.07.07-00.04.18:332][588]LogAudioMixer: Display: Name: Headset Earphone (Jabra EVOLVE 20 MS)
[2020.07.07-00.04.18:332][588]LogAudioMixer: Display: Is Default: Yes
[2020.07.07-00.04.18:332][588]LogAudioMixer: Display: Sample Rate: 48000
[2020.07.07-00.04.18:332][588]LogAudioMixer: Display: Channel Count Used: 2
[2020.07.07-00.04.18:332][588]LogAudioMixer: Display: Device Channel Count: 2
[2020.07.07-00.04.18:332][588]LogAudioMixer: Display: Channel Order:
[2020.07.07-00.04.18:332][588]LogAudioMixer: Display: 0: FrontLeft
[2020.07.07-00.04.18:332][588]LogAudioMixer: Display: 1: FrontRight
[2020.07.07-00.04.18:346][588]LogAudioMixer: Display: Using Audio Device Headset Earphone (Jabra EVOLVE 20 MS)
[2020.07.07-00.04.18:347][588]LogInit: FAudioDevice initialized.
[2020.07.07-00.04.18:408][588]LogSlate: Updating window title bar state: overlay mode, drag disabled, window buttons hidden, title bar hidden
[2020.07.07-00.04.18:409][588]LogLoad: Game class is 'TopDownGameMode_C'
[2020.07.07-00.04.18:412][588]LogWorld: Bringing World /Game/TopDownBP/Maps/UEDPIE_0_TopDownExampleMap.TopDownExampleMap up for play (max tick rate 0) at 2020.07.07-03.04.18
[2020.07.07-00.04.18:412][588]LogWorld: Bringing up level for play took: 0.002802
[2020.07.07-00.04.18:413][588]LogOnline: OSS: Creating online subsystem instance for: :Context_7
[2020.07.07-00.04.18:416][588]PIE: Play in editor start time for /Game/TopDownBP/Maps/UEDPIE_0_TopDownExampleMap 0.257
[2020.07.07-00.04.18:416][588]LogBlueprintUserMessages: Late PlayInEditor Detection: Level '/Game/TopDownBP/Maps/TopDownExampleMap.TopDownExampleMap:PersistentLevel' has LevelScriptBlueprint '/Game/TopDownBP/Maps/TopDownExampleMap.TopDownExampleMap:PersistentLevel.TopDownExampleMap' with GeneratedClass '/Game/TopDownBP/Maps/TopDownExampleMap.TopDownExampleMap_C' with ClassGeneratedBy '/Game/TopDownBP/Maps/TopDownExampleMap.TopDownExampleMap:PersistentLevel.TopDownExampleMap'
[2020.07.07-00.04.18:467][589]LogRenderer: Reallocating scene render targets to support 1280x804 Format 10 NumSamples 1 (Frame:1).
[2020.07.07-00.04.27:194][633]LogAudioMixer: Display: No commands were queued while flushing the source manager.
[2020.07.07-00.04.27:194][633]LogAudioMixer: Display: No commands were queued while flushing the source manager.
[2020.07.07-00.04.27:194][633]LogBlueprintUserMessages: Early EndPlayMap Detection: Level '/Game/TopDownBP/Maps/TopDownExampleMap.TopDownExampleMap:PersistentLevel' has LevelScriptBlueprint '/Game/TopDownBP/Maps/TopDownExampleMap.TopDownExampleMap:PersistentLevel.TopDownExampleMap' with GeneratedClass '/Game/TopDownBP/Maps/TopDownExampleMap.TopDownExampleMap_C' with ClassGeneratedBy '/Game/TopDownBP/Maps/TopDownExampleMap.TopDownExampleMap:PersistentLevel.TopDownExampleMap'
[2020.07.07-00.04.27:194][633]LogSlate: Updating window title bar state: overlay mode, drag disabled, window buttons hidden, title bar hidden
[2020.07.07-00.04.27:194][633]LogWorld: BeginTearingDown for /Game/TopDownBP/Maps/UEDPIE_0_TopDownExampleMap
[2020.07.07-00.04.27:200][633]LogSlate: Window 'TTFv2 Game Preview Standalone (64-bit/PCD3D_SM5)' being destroyed
[2020.07.07-00.04.27:206][633]LogAudioMixer: Display: No commands were queued while flushing the source manager.
[2020.07.07-00.04.27:207][633]LogWorld: UWorld::CleanupWorld for TopDownExampleMap, bSessionEnded=true, bCleanupResources=true
[2020.07.07-00.04.27:207][633]LogSlate: InvalidateAllWidgets triggered.  All widgets were invalidated
[2020.07.07-00.04.27:215][633]LogPlayLevel: Display: Shutting down PIE online subsystems
[2020.07.07-00.04.27:215][633]LogBlueprintUserMessages: Late EndPlayMap Detection: Level '/Game/TopDownBP/Maps/TopDownExampleMap.TopDownExampleMap:PersistentLevel' has LevelScriptBlueprint '/Game/TopDownBP/Maps/TopDownExampleMap.TopDownExampleMap:PersistentLevel.TopDownExampleMap' with GeneratedClass '/Game/TopDownBP/Maps/TopDownExampleMap.TopDownExampleMap_C' with ClassGeneratedBy '/Game/TopDownBP/Maps/TopDownExampleMap.TopDownExampleMap:PersistentLevel.TopDownExampleMap'
[2020.07.07-00.04.27:222][633]LogSlate: InvalidateAllWidgets triggered.  All widgets were invalidated
[2020.07.07-00.04.27:263][633]LogAudioMixer: Display: No commands were queued while flushing the source manager.
[2020.07.07-00.04.27:272][633]LogUObjectHash: Compacting FUObjectHashTables data took   4.79ms
[2020.07.07-00.04.27:336][634]LogPlayLevel: Display: Destroying online subsystem :Context_7
[2020.07.07-00.04.52:235][563]LogUObjectHash: Compacting FUObjectHashTables data took   4.77ms
[2020.07.07-00.04.52:578][563]LogSavePackage: Moving '../../../../../../_Evgenii/_Git_/ToTheFlame/TTFv2/Saved/TopDownExampleMap_Auto14B778D9747E8A60CB36CB697FD85917F.tmp' to '../../../../../../_Evgenii/_Git_/ToTheFlame/TTFv2/Saved/Autosaves/Game/TopDownBP/Maps/TopDownExampleMap_Auto1.umap'
[2020.07.07-00.04.52:695][563]LogFileHelpers: Editor autosave (incl. sublevels) for '/Game/TopDownBP/Maps/TopDownExampleMap' took 0.499
[2020.07.07-00.04.52:695][563]LogFileHelpers: Editor autosave (incl. sublevels) for all levels took 0.499
[2020.07.07-00.04.52:696][563]OBJ SavePackage: Generating thumbnails for [1] asset(s) in package [/Game/TopDownBP/Blueprints/TopDownCharacter] ([1] browsable assets)...
[2020.07.07-00.04.52:712][563]OBJ SavePackage:     Rendered thumbnail for [Blueprint /Game/TopDownBP/Blueprints/TopDownCharacter.TopDownCharacter]
[2020.07.07-00.04.52:712][563]OBJ SavePackage: Finished generating thumbnails for package [/Game/TopDownBP/Blueprints/TopDownCharacter]
[2020.07.07-00.04.52:751][563]LogSavePackage: Moving '../../../../../../_Evgenii/_Git_/ToTheFlame/TTFv2/Saved/TopDownCharacter_Auto16A85141D45A61D879E1B71A477E264A2.tmp' to '../../../../../../_Evgenii/_Git_/ToTheFlame/TTFv2/Saved/Autosaves/Game/TopDownBP/Blueprints/TopDownCharacter_Auto1.uasset'
[2020.07.07-00.04.52:757][563]LogFileHelpers: Auto-saving content packages took 0.062
[2020.07.07-00.04.57:327][745]LogUObjectHash: Compacting FUObjectHashTables data took   3.16ms
[2020.07.07-00.04.57:412][745]LogUObjectHash: Compacting FUObjectHashTables data took   1.11ms
[2020.07.07-00.04.57:653][745]LogSavePackage: Moving '../../../../../../_Evgenii/_Git_/ToTheFlame/TTFv2/Saved/TopDownExampleMapB921134B4FE1FE7BE1A26C8FEA3D069E.tmp' to '../../../../../../_Evgenii/_Git_/ToTheFlame/TTFv2/Content/TopDownBP/Maps/TopDownExampleMap.umap'
[2020.07.07-00.04.57:740][745]LogFileHelpers: Saving map 'TopDownExampleMap' took 0.387
[2020.07.07-00.04.57:740][745]Cmd: OBJ SAVEPACKAGE PACKAGE="/Game/TopDownBP/Blueprints/TopDownCharacter" FILE="../../../../../../_Evgenii/_Git_/ToTheFlame/TTFv2/Content/TopDownBP/Blueprints/TopDownCharacter.uasset" SILENT=true
[2020.07.07-00.04.57:756][745]LogSavePackage: Moving '../../../../../../_Evgenii/_Git_/ToTheFlame/TTFv2/Saved/TopDownCharacter02F6D21D47D06B8043837E960635442C.tmp' to '../../../../../../_Evgenii/_Git_/ToTheFlame/TTFv2/Content/TopDownBP/Blueprints/TopDownCharacter.uasset'
[2020.07.07-00.04.57:781][745]AssetCheck: New page: Asset Save: multiple assets
[2020.07.07-00.04.57:781][745]LogContentValidation: Display: Validating World /Game/TopDownBP/Maps/TopDownExampleMap.TopDownExampleMap
[2020.07.07-00.04.57:781][745]LogContentValidation: Display: Validating Blueprint /Game/TopDownBP/Blueprints/TopDownCharacter.TopDownCharacter
[2020.07.07-00.07.41:397][361]LogTemp: Repeating last play command: Selected Viewport
[2020.07.07-00.07.41:408][361]LogBlueprintUserMessages: Early PlayInEditor Detection: Level '/Game/TopDownBP/Maps/TopDownExampleMap.TopDownExampleMap:PersistentLevel' has LevelScriptBlueprint '/Game/TopDownBP/Maps/TopDownExampleMap.TopDownExampleMap:PersistentLevel.TopDownExampleMap' with GeneratedClass '/Game/TopDownBP/Maps/TopDownExampleMap.TopDownExampleMap_C' with ClassGeneratedBy '/Game/TopDownBP/Maps/TopDownExampleMap.TopDownExampleMap:PersistentLevel.TopDownExampleMap'
[2020.07.07-00.07.41:408][361]LogPlayLevel: PlayLevel: No blueprints needed recompiling
[2020.07.07-00.07.41:409][361]PIE: New page: PIE session: TopDownExampleMap (Jul 7, 2020, 6:07:41 AM)
[2020.07.07-00.07.41:409][361]LogPlayLevel: Creating play world package: /Game/TopDownBP/Maps/UEDPIE_0_TopDownExampleMap
[2020.07.07-00.07.41:422][361]LogPlayLevel: PIE: StaticDuplicateObject took: (0.013151s)
[2020.07.07-00.07.41:424][361]LogAIModule: Creating AISystem for world TopDownExampleMap
[2020.07.07-00.07.41:424][361]LogPlayLevel: PIE: World Init took: (0.001824s)
[2020.07.07-00.07.41:424][361]LogPlayLevel: PIE: Created PIE world by copying editor world from /Game/TopDownBP/Maps/TopDownExampleMap.TopDownExampleMap to /Game/TopDownBP/Maps/UEDPIE_0_TopDownExampleMap.TopDownExampleMap (0.015214s)
[2020.07.07-00.07.41:466][361]LogUObjectHash: Compacting FUObjectHashTables data took   3.35ms
[2020.07.07-00.07.41:468][361]LogAudioMixer: Display: Audio Mixer Platform Settings:
[2020.07.07-00.07.41:468][361]LogAudioMixer: Display: 	Sample Rate:						  48000
[2020.07.07-00.07.41:468][361]LogAudioMixer: Display: 	Callback Buffer Frame Size Requested: 1024
[2020.07.07-00.07.41:468][361]LogAudioMixer: Display: 	Callback Buffer Frame Size To Use:	  1024
[2020.07.07-00.07.41:468][361]LogAudioMixer: Display: 	Number of buffers to queue:			  2
[2020.07.07-00.07.41:468][361]LogAudioMixer: Display: 	Max Channels (voices):				  32
[2020.07.07-00.07.41:468][361]LogAudioMixer: Display: 	Number of Async Source Workers:		  0
[2020.07.07-00.07.41:468][361]LogAudio: Display: AudioDevice MaxSources: 32
[2020.07.07-00.07.41:469][361]LogAudio: Display: Using built-in audio occlusion.
[2020.07.07-00.07.41:469][361]LogAudioMixer: Display: Initializing audio mixer.
[2020.07.07-00.07.41:493][361]LogAudioMixer: Display: Audio Device Output Speaker Info:
[2020.07.07-00.07.41:493][361]LogAudioMixer: Display: Name: Headset Earphone (Jabra EVOLVE 20 MS)
[2020.07.07-00.07.41:493][361]LogAudioMixer: Display: Is Default: Yes
[2020.07.07-00.07.41:493][361]LogAudioMixer: Display: Sample Rate: 48000
[2020.07.07-00.07.41:493][361]LogAudioMixer: Display: Channel Count Used: 2
[2020.07.07-00.07.41:493][361]LogAudioMixer: Display: Device Channel Count: 2
[2020.07.07-00.07.41:493][361]LogAudioMixer: Display: Channel Order:
[2020.07.07-00.07.41:493][361]LogAudioMixer: Display: 0: FrontLeft
[2020.07.07-00.07.41:493][361]LogAudioMixer: Display: 1: FrontRight
[2020.07.07-00.07.41:509][361]LogAudioMixer: Display: Using Audio Device Headset Earphone (Jabra EVOLVE 20 MS)
[2020.07.07-00.07.41:511][361]LogInit: FAudioDevice initialized.
[2020.07.07-00.07.41:522][361]LogLoad: Game class is 'TopDownGameMode_C'
[2020.07.07-00.07.41:525][361]LogWorld: Bringing World /Game/TopDownBP/Maps/UEDPIE_0_TopDownExampleMap.TopDownExampleMap up for play (max tick rate 0) at 2020.07.07-03.07.41
[2020.07.07-00.07.41:525][361]LogWorld: Bringing up level for play took: 0.001870
[2020.07.07-00.07.41:526][361]LogOnline: OSS: Creating online subsystem instance for: :Context_8
[2020.07.07-00.07.41:528][361]PIE: Play in editor start time for /Game/TopDownBP/Maps/UEDPIE_0_TopDownExampleMap -0.632
[2020.07.07-00.07.41:528][361]LogBlueprintUserMessages: Late PlayInEditor Detection: Level '/Game/TopDownBP/Maps/TopDownExampleMap.TopDownExampleMap:PersistentLevel' has LevelScriptBlueprint '/Game/TopDownBP/Maps/TopDownExampleMap.TopDownExampleMap:PersistentLevel.TopDownExampleMap' with GeneratedClass '/Game/TopDownBP/Maps/TopDownExampleMap.TopDownExampleMap_C' with ClassGeneratedBy '/Game/TopDownBP/Maps/TopDownExampleMap.TopDownExampleMap:PersistentLevel.TopDownExampleMap'
[2020.07.07-00.07.43:449][585]LogAudioMixer: Display: No commands were queued while flushing the source manager.
[2020.07.07-00.07.43:449][585]LogAudioMixer: Display: No commands were queued while flushing the source manager.
[2020.07.07-00.07.43:449][585]LogBlueprintUserMessages: Early EndPlayMap Detection: Level '/Game/TopDownBP/Maps/TopDownExampleMap.TopDownExampleMap:PersistentLevel' has LevelScriptBlueprint '/Game/TopDownBP/Maps/TopDownExampleMap.TopDownExampleMap:PersistentLevel.TopDownExampleMap' with GeneratedClass '/Game/TopDownBP/Maps/TopDownExampleMap.TopDownExampleMap_C' with ClassGeneratedBy '/Game/TopDownBP/Maps/TopDownExampleMap.TopDownExampleMap:PersistentLevel.TopDownExampleMap'
[2020.07.07-00.07.43:449][585]LogSlate: Updating window title bar state: overlay mode, drag disabled, window buttons hidden, title bar hidden
[2020.07.07-00.07.43:450][585]LogWorld: BeginTearingDown for /Game/TopDownBP/Maps/UEDPIE_0_TopDownExampleMap
[2020.07.07-00.07.43:450][585]LogAudioMixer: Display: No commands were queued while flushing the source manager.
[2020.07.07-00.07.43:450][585]LogWorld: UWorld::CleanupWorld for TopDownExampleMap, bSessionEnded=true, bCleanupResources=true
[2020.07.07-00.07.43:450][585]LogSlate: InvalidateAllWidgets triggered.  All widgets were invalidated
[2020.07.07-00.07.43:459][585]LogPlayLevel: Display: Shutting down PIE online subsystems
[2020.07.07-00.07.43:459][585]LogBlueprintUserMessages: Late EndPlayMap Detection: Level '/Game/TopDownBP/Maps/TopDownExampleMap.TopDownExampleMap:PersistentLevel' has LevelScriptBlueprint '/Game/TopDownBP/Maps/TopDownExampleMap.TopDownExampleMap:PersistentLevel.TopDownExampleMap' with GeneratedClass '/Game/TopDownBP/Maps/TopDownExampleMap.TopDownExampleMap_C' with ClassGeneratedBy '/Game/TopDownBP/Maps/TopDownExampleMap.TopDownExampleMap:PersistentLevel.TopDownExampleMap'
[2020.07.07-00.07.43:464][585]LogSlate: InvalidateAllWidgets triggered.  All widgets were invalidated
[2020.07.07-00.07.43:495][585]LogAudioMixer: Display: No commands were queued while flushing the source manager.
[2020.07.07-00.07.43:498][585]LogSlate: Updating window title bar state: overlay mode, drag disabled, window buttons hidden, title bar hidden
[2020.07.07-00.07.43:503][585]LogUObjectHash: Compacting FUObjectHashTables data took   2.96ms
[2020.07.07-00.07.43:550][587]LogPlayLevel: Display: Destroying online subsystem :Context_8
[2020.07.07-00.07.45:534][819]LogTemp: Repeating last play command: Selected Viewport
[2020.07.07-00.07.45:542][819]LogBlueprintUserMessages: Early PlayInEditor Detection: Level '/Game/TopDownBP/Maps/TopDownExampleMap.TopDownExampleMap:PersistentLevel' has LevelScriptBlueprint '/Game/TopDownBP/Maps/TopDownExampleMap.TopDownExampleMap:PersistentLevel.TopDownExampleMap' with GeneratedClass '/Game/TopDownBP/Maps/TopDownExampleMap.TopDownExampleMap_C' with ClassGeneratedBy '/Game/TopDownBP/Maps/TopDownExampleMap.TopDownExampleMap:PersistentLevel.TopDownExampleMap'
[2020.07.07-00.07.45:542][819]LogPlayLevel: PlayLevel: No blueprints needed recompiling
[2020.07.07-00.07.45:542][819]PIE: New page: PIE session: TopDownExampleMap (Jul 7, 2020, 6:07:45 AM)
[2020.07.07-00.07.45:542][819]LogPlayLevel: Creating play world package: /Game/TopDownBP/Maps/UEDPIE_0_TopDownExampleMap
[2020.07.07-00.07.45:557][819]LogPlayLevel: PIE: StaticDuplicateObject took: (0.014280s)
[2020.07.07-00.07.45:558][819]LogAIModule: Creating AISystem for world TopDownExampleMap
[2020.07.07-00.07.45:558][819]LogPlayLevel: PIE: World Init took: (0.001166s)
[2020.07.07-00.07.45:558][819]LogPlayLevel: PIE: Created PIE world by copying editor world from /Game/TopDownBP/Maps/TopDownExampleMap.TopDownExampleMap to /Game/TopDownBP/Maps/UEDPIE_0_TopDownExampleMap.TopDownExampleMap (0.015663s)
[2020.07.07-00.07.45:595][819]LogUObjectHash: Compacting FUObjectHashTables data took   2.84ms
[2020.07.07-00.07.45:596][819]LogAudioMixer: Display: Audio Mixer Platform Settings:
[2020.07.07-00.07.45:596][819]LogAudioMixer: Display: 	Sample Rate:						  48000
[2020.07.07-00.07.45:596][819]LogAudioMixer: Display: 	Callback Buffer Frame Size Requested: 1024
[2020.07.07-00.07.45:596][819]LogAudioMixer: Display: 	Callback Buffer Frame Size To Use:	  1024
[2020.07.07-00.07.45:596][819]LogAudioMixer: Display: 	Number of buffers to queue:			  2
[2020.07.07-00.07.45:596][819]LogAudioMixer: Display: 	Max Channels (voices):				  32
[2020.07.07-00.07.45:596][819]LogAudioMixer: Display: 	Number of Async Source Workers:		  0
[2020.07.07-00.07.45:596][819]LogAudio: Display: AudioDevice MaxSources: 32
[2020.07.07-00.07.45:596][819]LogAudio: Display: Using built-in audio occlusion.
[2020.07.07-00.07.45:596][819]LogAudioMixer: Display: Initializing audio mixer.
[2020.07.07-00.07.45:619][819]LogAudioMixer: Display: Audio Device Output Speaker Info:
[2020.07.07-00.07.45:619][819]LogAudioMixer: Display: Name: Headset Earphone (Jabra EVOLVE 20 MS)
[2020.07.07-00.07.45:619][819]LogAudioMixer: Display: Is Default: Yes
[2020.07.07-00.07.45:619][819]LogAudioMixer: Display: Sample Rate: 48000
[2020.07.07-00.07.45:619][819]LogAudioMixer: Display: Channel Count Used: 2
[2020.07.07-00.07.45:619][819]LogAudioMixer: Display: Device Channel Count: 2
[2020.07.07-00.07.45:619][819]LogAudioMixer: Display: Channel Order:
[2020.07.07-00.07.45:619][819]LogAudioMixer: Display: 0: FrontLeft
[2020.07.07-00.07.45:619][819]LogAudioMixer: Display: 1: FrontRight
[2020.07.07-00.07.45:634][819]LogAudioMixer: Display: Using Audio Device Headset Earphone (Jabra EVOLVE 20 MS)
[2020.07.07-00.07.45:635][819]LogInit: FAudioDevice initialized.
[2020.07.07-00.07.45:643][819]LogLoad: Game class is 'TopDownGameMode_C'
[2020.07.07-00.07.45:647][819]LogWorld: Bringing World /Game/TopDownBP/Maps/UEDPIE_0_TopDownExampleMap.TopDownExampleMap up for play (max tick rate 0) at 2020.07.07-03.07.45
[2020.07.07-00.07.45:647][819]LogWorld: Bringing up level for play took: 0.002625
[2020.07.07-00.07.45:647][819]LogOnline: OSS: Creating online subsystem instance for: :Context_9
[2020.07.07-00.07.45:649][819]PIE: Play in editor start time for /Game/TopDownBP/Maps/UEDPIE_0_TopDownExampleMap -0.51
[2020.07.07-00.07.45:650][819]LogBlueprintUserMessages: Late PlayInEditor Detection: Level '/Game/TopDownBP/Maps/TopDownExampleMap.TopDownExampleMap:PersistentLevel' has LevelScriptBlueprint '/Game/TopDownBP/Maps/TopDownExampleMap.TopDownExampleMap:PersistentLevel.TopDownExampleMap' with GeneratedClass '/Game/TopDownBP/Maps/TopDownExampleMap.TopDownExampleMap_C' with ClassGeneratedBy '/Game/TopDownBP/Maps/TopDownExampleMap.TopDownExampleMap:PersistentLevel.TopDownExampleMap'
[2020.07.07-00.07.48:772][189]LogAudioMixer: Display: No commands were queued while flushing the source manager.
[2020.07.07-00.07.48:773][189]LogAudioMixer: Display: No commands were queued while flushing the source manager.
[2020.07.07-00.07.48:773][189]LogBlueprintUserMessages: Early EndPlayMap Detection: Level '/Game/TopDownBP/Maps/TopDownExampleMap.TopDownExampleMap:PersistentLevel' has LevelScriptBlueprint '/Game/TopDownBP/Maps/TopDownExampleMap.TopDownExampleMap:PersistentLevel.TopDownExampleMap' with GeneratedClass '/Game/TopDownBP/Maps/TopDownExampleMap.TopDownExampleMap_C' with ClassGeneratedBy '/Game/TopDownBP/Maps/TopDownExampleMap.TopDownExampleMap:PersistentLevel.TopDownExampleMap'
[2020.07.07-00.07.48:773][189]LogSlate: Updating window title bar state: overlay mode, drag disabled, window buttons hidden, title bar hidden
[2020.07.07-00.07.48:773][189]LogWorld: BeginTearingDown for /Game/TopDownBP/Maps/UEDPIE_0_TopDownExampleMap
[2020.07.07-00.07.48:773][189]LogAudioMixer: Display: No commands were queued while flushing the source manager.
[2020.07.07-00.07.48:773][189]LogWorld: UWorld::CleanupWorld for TopDownExampleMap, bSessionEnded=true, bCleanupResources=true
[2020.07.07-00.07.48:774][189]LogSlate: InvalidateAllWidgets triggered.  All widgets were invalidated
[2020.07.07-00.07.48:782][189]LogPlayLevel: Display: Shutting down PIE online subsystems
[2020.07.07-00.07.48:782][189]LogBlueprintUserMessages: Late EndPlayMap Detection: Level '/Game/TopDownBP/Maps/TopDownExampleMap.TopDownExampleMap:PersistentLevel' has LevelScriptBlueprint '/Game/TopDownBP/Maps/TopDownExampleMap.TopDownExampleMap:PersistentLevel.TopDownExampleMap' with GeneratedClass '/Game/TopDownBP/Maps/TopDownExampleMap.TopDownExampleMap_C' with ClassGeneratedBy '/Game/TopDownBP/Maps/TopDownExampleMap.TopDownExampleMap:PersistentLevel.TopDownExampleMap'
[2020.07.07-00.07.48:787][189]LogSlate: InvalidateAllWidgets triggered.  All widgets were invalidated
[2020.07.07-00.07.48:824][189]LogAudioMixer: Display: No commands were queued while flushing the source manager.
[2020.07.07-00.07.48:828][189]LogSlate: Updating window title bar state: overlay mode, drag disabled, window buttons hidden, title bar hidden
[2020.07.07-00.07.48:833][189]LogUObjectHash: Compacting FUObjectHashTables data took   2.95ms
[2020.07.07-00.07.48:879][192]LogPlayLevel: Display: Destroying online subsystem :Context_9
